2025-07-29 21:21:17.837 | INFO     | src.main:startup_event:298 - 🚀 Cognitive Forge Desktop App starting up...
2025-07-29 21:21:17.840 | INFO     | src.main:startup_event:298 - 🚀 Cognitive Forge Desktop App starting up...
2025-07-29 21:21:17.987 | ERROR    | src.models.advanced_database:log_system_event:300 - Error logging system event: (psycopg2.errors.UndefinedColumn) column "component" of relation "system_logs" does not exist
LINE 1: INSERT INTO system_logs (level, message, component, timestam...
                                                 ^

[SQL: INSERT INTO system_logs (level, message, component, timestamp) VALUES (%(level)s, %(message)s, %(component)s, %(timestamp)s) RETURNING system_logs.id]
[parameters: {'level': 'INFO', 'message': 'Cognitive Forge Desktop App started successfully', 'component': 'main', 'timestamp': datetime.datetime(2025, 7, 30, 2, 21, 17, 847019)}]
(Background on this error at: https://sqlalche.me/e/20/f405)
2025-07-29 21:21:17.988 | ERROR    | src.models.advanced_database:log_system_event:300 - Error logging system event: (psycopg2.errors.UndefinedColumn) column "component" of relation "system_logs" does not exist
LINE 1: INSERT INTO system_logs (level, message, component, timestam...
                                                 ^

[SQL: INSERT INTO system_logs (level, message, component, timestamp) VALUES (%(level)s, %(message)s, %(component)s, %(timestamp)s) RETURNING system_logs.id]
[parameters: {'level': 'INFO', 'message': 'Cognitive Forge Desktop App started successfully', 'component': 'main', 'timestamp': datetime.datetime(2025, 7, 30, 2, 21, 17, 850220)}]
(Background on this error at: https://sqlalche.me/e/20/f405)
2025-07-29 21:21:39.620 | INFO     | src.main:startup_event:298 - 🚀 Cognitive Forge Desktop App starting up...
2025-07-29 21:21:39.747 | ERROR    | src.models.advanced_database:log_system_event:300 - Error logging system event: (psycopg2.errors.UndefinedColumn) column "component" of relation "system_logs" does not exist
LINE 1: INSERT INTO system_logs (level, message, component, timestam...
                                                 ^

[SQL: INSERT INTO system_logs (level, message, component, timestamp) VALUES (%(level)s, %(message)s, %(component)s, %(timestamp)s) RETURNING system_logs.id]
[parameters: {'level': 'INFO', 'message': 'Cognitive Forge Desktop App started successfully', 'component': 'main', 'timestamp': datetime.datetime(2025, 7, 30, 2, 21, 39, 626835)}]
(Background on this error at: https://sqlalche.me/e/20/f405)
2025-07-29 21:22:52.091 | INFO     | src.main:startup_event:298 - 🚀 Cognitive Forge Desktop App starting up...
2025-07-29 21:22:52.223 | ERROR    | src.models.advanced_database:log_system_event:300 - Error logging system event: (psycopg2.errors.UndefinedColumn) column "component" of relation "system_logs" does not exist
LINE 1: INSERT INTO system_logs (level, message, component, timestam...
                                                 ^

[SQL: INSERT INTO system_logs (level, message, component, timestamp, log_metadata) VALUES (%(level)s, %(message)s, %(component)s, %(timestamp)s, %(log_metadata)s) RETURNING system_logs.id]
[parameters: {'level': 'INFO', 'message': 'Cognitive Forge Desktop App started successfully', 'component': 'main', 'timestamp': datetime.datetime(2025, 7, 30, 2, 22, 52, 97770), 'log_metadata': '{"version": "3.0.0", "startup_time": "2025-07-30T02:22:52.091257"}'}]
(Background on this error at: https://sqlalche.me/e/20/f405)
2025-07-29 21:24:21.723 | INFO     | src.main:shutdown_event:312 - 🛑 Cognitive Forge Desktop App shutting down...
2025-07-29 21:24:21.842 | ERROR    | src.models.advanced_database:log_system_event:300 - Error logging system event: (psycopg2.errors.UndefinedColumn) column "component" of relation "system_logs" does not exist
LINE 1: INSERT INTO system_logs (level, message, component, timestam...
                                                 ^

[SQL: INSERT INTO system_logs (level, message, component, timestamp) VALUES (%(level)s, %(message)s, %(component)s, %(timestamp)s) RETURNING system_logs.id]
[parameters: {'level': 'INFO', 'message': 'Cognitive Forge Desktop App shutting down', 'component': 'main', 'timestamp': datetime.datetime(2025, 7, 30, 2, 24, 21, 724985)}]
(Background on this error at: https://sqlalche.me/e/20/f405)
2025-07-29 21:24:37.873 | INFO     | src.main:startup_event:298 - 🚀 Cognitive Forge Desktop App starting up...
2025-07-29 21:24:37.995 | ERROR    | src.models.advanced_database:log_system_event:300 - Error logging system event: (psycopg2.errors.UndefinedColumn) column "component" of relation "system_logs" does not exist
LINE 1: INSERT INTO system_logs (level, message, component, timestam...
                                                 ^

[SQL: INSERT INTO system_logs (level, message, component, timestamp, log_metadata) VALUES (%(level)s, %(message)s, %(component)s, %(timestamp)s, %(log_metadata)s) RETURNING system_logs.id]
[parameters: {'level': 'INFO', 'message': 'Cognitive Forge Desktop App started successfully', 'component': 'main', 'timestamp': datetime.datetime(2025, 7, 30, 2, 24, 37, 877178), 'log_metadata': '{"version": "3.0.0", "startup_time": "2025-07-30T02:24:37.874206"}'}]
(Background on this error at: https://sqlalche.me/e/20/f405)
2025-07-29 21:29:16.948 | INFO     | src.main:shutdown_event:312 - 🛑 Cognitive Forge Desktop App shutting down...
2025-07-29 21:29:17.025 | INFO     | src.main:shutdown_event:312 - 🛑 Cognitive Forge Desktop App shutting down...
2025-07-29 21:29:17.073 | ERROR    | src.models.advanced_database:log_system_event:300 - Error logging system event: (psycopg2.errors.UndefinedColumn) column "component" of relation "system_logs" does not exist
LINE 1: INSERT INTO system_logs (level, message, component, timestam...
                                                 ^

[SQL: INSERT INTO system_logs (level, message, component, timestamp, log_metadata) VALUES (%(level)s, %(message)s, %(component)s, %(timestamp)s, %(log_metadata)s) RETURNING system_logs.id]
[parameters: {'level': 'INFO', 'message': 'Cognitive Forge Desktop App shutting down', 'component': 'main', 'timestamp': datetime.datetime(2025, 7, 30, 2, 29, 16, 949891), 'log_metadata': '{"shutdown_time": "2025-07-30T02:29:16.948611"}'}]
(Background on this error at: https://sqlalche.me/e/20/f405)
2025-07-29 21:29:17.182 | ERROR    | src.models.advanced_database:log_system_event:300 - Error logging system event: (psycopg2.errors.UndefinedColumn) column "component" of relation "system_logs" does not exist
LINE 1: INSERT INTO system_logs (level, message, component, timestam...
                                                 ^

[SQL: INSERT INTO system_logs (level, message, component, timestamp) VALUES (%(level)s, %(message)s, %(component)s, %(timestamp)s) RETURNING system_logs.id]
[parameters: {'level': 'INFO', 'message': 'Cognitive Forge Desktop App shutting down', 'component': 'main', 'timestamp': datetime.datetime(2025, 7, 30, 2, 29, 17, 27780)}]
(Background on this error at: https://sqlalche.me/e/20/f405)
2025-07-29 21:31:26.902 | INFO     | src.main:startup_event:298 - 🚀 Cognitive Forge Desktop App starting up...
2025-07-29 21:31:27.045 | ERROR    | src.models.advanced_database:log_system_event:300 - Error logging system event: (psycopg2.errors.UndefinedColumn) column "component" of relation "system_logs" does not exist
LINE 1: INSERT INTO system_logs (level, message, component, timestam...
                                                 ^

[SQL: INSERT INTO system_logs (level, message, component, timestamp, log_metadata) VALUES (%(level)s, %(message)s, %(component)s, %(timestamp)s, %(log_metadata)s) RETURNING system_logs.id]
[parameters: {'level': 'INFO', 'message': 'Cognitive Forge Desktop App started successfully', 'component': 'main', 'timestamp': datetime.datetime(2025, 7, 30, 2, 31, 26, 914727), 'log_metadata': '{"version": "3.0.0", "startup_time": "2025-07-30T02:31:26.903165"}'}]
(Background on this error at: https://sqlalche.me/e/20/f405)
2025-07-29 21:33:33.924 | INFO     | src.main:shutdown_event:312 - 🛑 Cognitive Forge Desktop App shutting down...
2025-07-29 21:33:34.047 | ERROR    | src.models.advanced_database:log_system_event:300 - Error logging system event: (psycopg2.errors.UndefinedColumn) column "component" of relation "system_logs" does not exist
LINE 1: INSERT INTO system_logs (level, message, component, timestam...
                                                 ^

[SQL: INSERT INTO system_logs (level, message, component, timestamp, log_metadata) VALUES (%(level)s, %(message)s, %(component)s, %(timestamp)s, %(log_metadata)s) RETURNING system_logs.id]
[parameters: {'level': 'INFO', 'message': 'Cognitive Forge Desktop App shutting down', 'component': 'main', 'timestamp': datetime.datetime(2025, 7, 30, 2, 33, 33, 926145), 'log_metadata': '{"shutdown_time": "2025-07-30T02:33:33.925149"}'}]
(Background on this error at: https://sqlalche.me/e/20/f405)
2025-07-29 21:34:35.249 | INFO     | src.main:startup_event:298 - 🚀 Cognitive Forge Desktop App starting up...
2025-07-29 21:34:35.399 | ERROR    | src.models.advanced_database:log_system_event:300 - Error logging system event: (psycopg2.errors.UndefinedColumn) column "component" of relation "system_logs" does not exist
LINE 1: INSERT INTO system_logs (level, message, component, timestam...
                                                 ^

[SQL: INSERT INTO system_logs (level, message, component, timestamp, log_metadata) VALUES (%(level)s, %(message)s, %(component)s, %(timestamp)s, %(log_metadata)s) RETURNING system_logs.id]
[parameters: {'level': 'INFO', 'message': 'Cognitive Forge Desktop App started successfully', 'component': 'main', 'timestamp': datetime.datetime(2025, 7, 30, 2, 34, 35, 253061), 'log_metadata': '{"version": "3.0.0", "startup_time": "2025-07-30T02:34:35.249059"}'}]
(Background on this error at: https://sqlalche.me/e/20/f405)
2025-07-29 21:39:20.128 | INFO     | src.main:shutdown_event:312 - 🛑 Cognitive Forge Desktop App shutting down...
2025-07-29 21:39:20.251 | ERROR    | src.models.advanced_database:log_system_event:300 - Error logging system event: (psycopg2.errors.UndefinedColumn) column "component" of relation "system_logs" does not exist
LINE 1: INSERT INTO system_logs (level, message, component, timestam...
                                                 ^

[SQL: INSERT INTO system_logs (level, message, component, timestamp, log_metadata) VALUES (%(level)s, %(message)s, %(component)s, %(timestamp)s, %(log_metadata)s) RETURNING system_logs.id]
[parameters: {'level': 'INFO', 'message': 'Cognitive Forge Desktop App shutting down', 'component': 'main', 'timestamp': datetime.datetime(2025, 7, 30, 2, 39, 20, 128170), 'log_metadata': '{"shutdown_time": "2025-07-30T02:39:20.128170"}'}]
(Background on this error at: https://sqlalche.me/e/20/f405)
2025-07-29 21:39:35.830 | INFO     | src.main:startup_event:298 - 🚀 Cognitive Forge Desktop App starting up...
2025-07-29 21:39:35.961 | ERROR    | src.models.advanced_database:log_system_event:300 - Error logging system event: (psycopg2.errors.UndefinedColumn) column "component" of relation "system_logs" does not exist
LINE 1: INSERT INTO system_logs (level, message, component, timestam...
                                                 ^

[SQL: INSERT INTO system_logs (level, message, component, timestamp, log_metadata) VALUES (%(level)s, %(message)s, %(component)s, %(timestamp)s, %(log_metadata)s) RETURNING system_logs.id]
[parameters: {'level': 'INFO', 'message': 'Cognitive Forge Desktop App started successfully', 'component': 'main', 'timestamp': datetime.datetime(2025, 7, 30, 2, 39, 35, 830325), 'log_metadata': '{"version": "3.0.0", "startup_time": "2025-07-30T02:39:35.830325"}'}]
(Background on this error at: https://sqlalche.me/e/20/f405)
2025-07-29 21:39:35.961 | INFO     | src.main:shutdown_event:312 - 🛑 Cognitive Forge Desktop App shutting down...
2025-07-29 21:39:36.082 | ERROR    | src.models.advanced_database:log_system_event:300 - Error logging system event: (psycopg2.errors.UndefinedColumn) column "component" of relation "system_logs" does not exist
LINE 1: INSERT INTO system_logs (level, message, component, timestam...
                                                 ^

[SQL: INSERT INTO system_logs (level, message, component, timestamp, log_metadata) VALUES (%(level)s, %(message)s, %(component)s, %(timestamp)s, %(log_metadata)s) RETURNING system_logs.id]
[parameters: {'level': 'INFO', 'message': 'Cognitive Forge Desktop App shutting down', 'component': 'main', 'timestamp': datetime.datetime(2025, 7, 30, 2, 39, 35, 961590), 'log_metadata': '{"shutdown_time": "2025-07-30T02:39:35.961590"}'}]
(Background on this error at: https://sqlalche.me/e/20/f405)
2025-07-29 21:39:51.711 | INFO     | src.main:startup_event:298 - 🚀 Cognitive Forge Desktop App starting up...
2025-07-29 21:39:51.841 | ERROR    | src.models.advanced_database:log_system_event:300 - Error logging system event: (psycopg2.errors.UndefinedColumn) column "component" of relation "system_logs" does not exist
LINE 1: INSERT INTO system_logs (level, message, component, timestam...
                                                 ^

[SQL: INSERT INTO system_logs (level, message, component, timestamp, log_metadata) VALUES (%(level)s, %(message)s, %(component)s, %(timestamp)s, %(log_metadata)s) RETURNING system_logs.id]
[parameters: {'level': 'INFO', 'message': 'Cognitive Forge Desktop App started successfully', 'component': 'main', 'timestamp': datetime.datetime(2025, 7, 30, 2, 39, 51, 714212), 'log_metadata': '{"version": "3.0.0", "startup_time": "2025-07-30T02:39:51.711651"}'}]
(Background on this error at: https://sqlalche.me/e/20/f405)
2025-07-29 21:49:40.245 | INFO     | src.main:shutdown_event:312 - 🛑 Cognitive Forge Desktop App shutting down...
2025-07-29 21:49:40.368 | ERROR    | src.models.advanced_database:log_system_event:300 - Error logging system event: (psycopg2.errors.UndefinedColumn) column "timestamp" of relation "system_logs" does not exist
LINE 1: ...SERT INTO system_logs (level, message, component, timestamp,...
                                                             ^

[SQL: INSERT INTO system_logs (level, message, component, timestamp, log_metadata) VALUES (%(level)s, %(message)s, %(component)s, %(timestamp)s, %(log_metadata)s) RETURNING system_logs.id]
[parameters: {'level': 'INFO', 'message': 'Cognitive Forge Desktop App shutting down', 'component': 'main', 'timestamp': datetime.datetime(2025, 7, 30, 2, 49, 40, 247643), 'log_metadata': '{"shutdown_time": "2025-07-30T02:49:40.246637"}'}]
(Background on this error at: https://sqlalche.me/e/20/f405)
2025-07-29 21:50:02.994 | INFO     | src.main:startup_event:298 - 🚀 Cognitive Forge Desktop App starting up...
2025-07-29 21:50:03.122 | INFO     | src.main:shutdown_event:312 - 🛑 Cognitive Forge Desktop App shutting down...
2025-07-29 21:50:20.825 | INFO     | src.main:startup_event:298 - 🚀 Cognitive Forge Desktop App starting up...
2025-07-29 21:50:21.002 | INFO     | src.main:shutdown_event:312 - 🛑 Cognitive Forge Desktop App shutting down...
2025-07-29 21:50:39.337 | INFO     | src.main:startup_event:298 - 🚀 Cognitive Forge Desktop App starting up...
2025-07-29 21:56:07.954 | INFO     | src.main:shutdown_event:312 - 🛑 Cognitive Forge Desktop App shutting down...
2025-07-29 21:56:27.653 | INFO     | src.main:startup_event:298 - 🚀 Cognitive Forge Desktop App starting up...
2025-07-29 22:01:33.470 | INFO     | src.main:shutdown_event:312 - 🛑 Cognitive Forge Desktop App shutting down...
2025-07-29 22:01:51.456 | INFO     | src.main:startup_event:298 - 🚀 Cognitive Forge Desktop App starting up...
2025-07-29 22:01:51.595 | INFO     | src.main:shutdown_event:312 - 🛑 Cognitive Forge Desktop App shutting down...
2025-07-29 22:02:09.733 | INFO     | src.main:startup_event:298 - 🚀 Cognitive Forge Desktop App starting up...
2025-07-29 22:02:12.582 | ERROR    | src.core.cognitive_forge_engine:get_system_info:344 - Error getting system info: (psycopg2.errors.UndefinedColumn) column missions.mission_id_str does not exist
LINE 2: FROM (SELECT missions.id AS missions_id, missions.mission_id...
                                                 ^

[SQL: SELECT count(*) AS count_1 
FROM (SELECT missions.id AS missions_id, missions.mission_id_str AS missions_mission_id_str, missions.title AS missions_title, missions.prompt AS missions_prompt, missions.agent_type AS missions_agent_type, missions.status AS missions_status, missions.result AS missions_result, missions.plan AS missions_plan, missions.execution_time AS missions_execution_time, missions.tokens_used AS missions_tokens_used, missions.error_message AS missions_error_message, missions.created_at AS missions_created_at, missions.updated_at AS missions_updated_at, missions.completed_at AS missions_completed_at, missions.is_archived AS missions_is_archived 
FROM missions) AS anon_1]
(Background on this error at: https://sqlalche.me/e/20/f405)
2025-07-29 22:02:12.582 | ERROR    | src.main:get_system_stats:222 - Error getting system stats: 5 validation errors for SystemStatsResponse
engine_status
  Field required [type=missing, input_value={'error': '(psycopg2.erro...sqlalche.me/e/20/f405)'}, input_type=dict]
    For further information visit https://errors.pydantic.dev/2.5/v/missing
database_stats
  Field required [type=missing, input_value={'error': '(psycopg2.erro...sqlalche.me/e/20/f405)'}, input_type=dict]
    For further information visit https://errors.pydantic.dev/2.5/v/missing
system_info
  Field required [type=missing, input_value={'error': '(psycopg2.erro...sqlalche.me/e/20/f405)'}, input_type=dict]
    For further information visit https://errors.pydantic.dev/2.5/v/missing
model
  Field required [type=missing, input_value={'error': '(psycopg2.erro...sqlalche.me/e/20/f405)'}, input_type=dict]
    For further information visit https://errors.pydantic.dev/2.5/v/missing
last_updated
  Field required [type=missing, input_value={'error': '(psycopg2.erro...sqlalche.me/e/20/f405)'}, input_type=dict]
    For further information visit https://errors.pydantic.dev/2.5/v/missing
2025-07-30 01:10:27.267 | INFO     | src.main:startup_event:284 - 🚀 Cognitive Forge Desktop App starting up...
2025-07-30 01:21:05.450 | ERROR    | src.core.cognitive_forge_engine:get_system_info:347 - Error getting system info: (psycopg2.errors.UndefinedColumn) column missions.mission_id_str does not exist
LINE 2: FROM (SELECT missions.id AS missions_id, missions.mission_id...
                                                 ^

[SQL: SELECT count(*) AS count_1 
FROM (SELECT missions.id AS missions_id, missions.mission_id_str AS missions_mission_id_str, missions.title AS missions_title, missions.prompt AS missions_prompt, missions.agent_type AS missions_agent_type, missions.status AS missions_status, missions.result AS missions_result, missions.plan AS missions_plan, missions.execution_time AS missions_execution_time, missions.tokens_used AS missions_tokens_used, missions.error_message AS missions_error_message, missions.created_at AS missions_created_at, missions.updated_at AS missions_updated_at, missions.completed_at AS missions_completed_at, missions.is_archived AS missions_is_archived 
FROM missions) AS anon_1]
(Background on this error at: https://sqlalche.me/e/20/f405)
2025-07-30 01:21:05.456 | ERROR    | src.main:get_system_stats:213 - Error getting system stats: 5 validation errors for SystemStatsResponse
engine_status
  Field required [type=missing, input_value={'error': '(psycopg2.erro...sqlalche.me/e/20/f405)'}, input_type=dict]
    For further information visit https://errors.pydantic.dev/2.5/v/missing
database_stats
  Field required [type=missing, input_value={'error': '(psycopg2.erro...sqlalche.me/e/20/f405)'}, input_type=dict]
    For further information visit https://errors.pydantic.dev/2.5/v/missing
system_info
  Field required [type=missing, input_value={'error': '(psycopg2.erro...sqlalche.me/e/20/f405)'}, input_type=dict]
    For further information visit https://errors.pydantic.dev/2.5/v/missing
model
  Field required [type=missing, input_value={'error': '(psycopg2.erro...sqlalche.me/e/20/f405)'}, input_type=dict]
    For further information visit https://errors.pydantic.dev/2.5/v/missing
last_updated
  Field required [type=missing, input_value={'error': '(psycopg2.erro...sqlalche.me/e/20/f405)'}, input_type=dict]
    For further information visit https://errors.pydantic.dev/2.5/v/missing
2025-07-30 01:25:26.117 | INFO     | src.main:shutdown_event:298 - 🛑 Cognitive Forge Desktop App shutting down...
2025-07-30 01:26:39.879 | INFO     | src.main:startup_event:284 - 🚀 Cognitive Forge Desktop App starting up...
2025-07-30 01:44:13.483 | ERROR    | src.core.cognitive_forge_engine:get_system_info:347 - Error getting system info: (psycopg2.errors.UndefinedColumn) column missions.mission_id_str does not exist
LINE 2: FROM (SELECT missions.id AS missions_id, missions.mission_id...
                                                 ^

[SQL: SELECT count(*) AS count_1 
FROM (SELECT missions.id AS missions_id, missions.mission_id_str AS missions_mission_id_str, missions.title AS missions_title, missions.prompt AS missions_prompt, missions.agent_type AS missions_agent_type, missions.status AS missions_status, missions.result AS missions_result, missions.plan AS missions_plan, missions.execution_time AS missions_execution_time, missions.tokens_used AS missions_tokens_used, missions.error_message AS missions_error_message, missions.created_at AS missions_created_at, missions.updated_at AS missions_updated_at, missions.completed_at AS missions_completed_at, missions.is_archived AS missions_is_archived 
FROM missions) AS anon_1]
(Background on this error at: https://sqlalche.me/e/20/f405)
2025-07-30 01:44:13.483 | ERROR    | src.main:get_system_stats:213 - Error getting system stats: 5 validation errors for SystemStatsResponse
engine_status
  Field required [type=missing, input_value={'error': '(psycopg2.erro...sqlalche.me/e/20/f405)'}, input_type=dict]
    For further information visit https://errors.pydantic.dev/2.5/v/missing
database_stats
  Field required [type=missing, input_value={'error': '(psycopg2.erro...sqlalche.me/e/20/f405)'}, input_type=dict]
    For further information visit https://errors.pydantic.dev/2.5/v/missing
system_info
  Field required [type=missing, input_value={'error': '(psycopg2.erro...sqlalche.me/e/20/f405)'}, input_type=dict]
    For further information visit https://errors.pydantic.dev/2.5/v/missing
model
  Field required [type=missing, input_value={'error': '(psycopg2.erro...sqlalche.me/e/20/f405)'}, input_type=dict]
    For further information visit https://errors.pydantic.dev/2.5/v/missing
last_updated
  Field required [type=missing, input_value={'error': '(psycopg2.erro...sqlalche.me/e/20/f405)'}, input_type=dict]
    For further information visit https://errors.pydantic.dev/2.5/v/missing
2025-07-30 01:47:13.110 | ERROR    | src.core.cognitive_forge_engine:get_system_info:347 - Error getting system info: (psycopg2.errors.UndefinedColumn) column missions.mission_id_str does not exist
LINE 2: FROM (SELECT missions.id AS missions_id, missions.mission_id...
                                                 ^

[SQL: SELECT count(*) AS count_1 
FROM (SELECT missions.id AS missions_id, missions.mission_id_str AS missions_mission_id_str, missions.title AS missions_title, missions.prompt AS missions_prompt, missions.agent_type AS missions_agent_type, missions.status AS missions_status, missions.result AS missions_result, missions.plan AS missions_plan, missions.execution_time AS missions_execution_time, missions.tokens_used AS missions_tokens_used, missions.error_message AS missions_error_message, missions.created_at AS missions_created_at, missions.updated_at AS missions_updated_at, missions.completed_at AS missions_completed_at, missions.is_archived AS missions_is_archived 
FROM missions) AS anon_1]
(Background on this error at: https://sqlalche.me/e/20/f405)
2025-07-30 01:47:13.111 | ERROR    | src.main:get_system_stats:213 - Error getting system stats: 5 validation errors for SystemStatsResponse
engine_status
  Field required [type=missing, input_value={'error': '(psycopg2.erro...sqlalche.me/e/20/f405)'}, input_type=dict]
    For further information visit https://errors.pydantic.dev/2.5/v/missing
database_stats
  Field required [type=missing, input_value={'error': '(psycopg2.erro...sqlalche.me/e/20/f405)'}, input_type=dict]
    For further information visit https://errors.pydantic.dev/2.5/v/missing
system_info
  Field required [type=missing, input_value={'error': '(psycopg2.erro...sqlalche.me/e/20/f405)'}, input_type=dict]
    For further information visit https://errors.pydantic.dev/2.5/v/missing
model
  Field required [type=missing, input_value={'error': '(psycopg2.erro...sqlalche.me/e/20/f405)'}, input_type=dict]
    For further information visit https://errors.pydantic.dev/2.5/v/missing
last_updated
  Field required [type=missing, input_value={'error': '(psycopg2.erro...sqlalche.me/e/20/f405)'}, input_type=dict]
    For further information visit https://errors.pydantic.dev/2.5/v/missing
2025-07-30 01:53:27.120 | INFO     | src.main:startup_event:284 - 🚀 Cognitive Forge Desktop App starting up...
2025-07-30 01:55:19.733 | INFO     | src.main:startup_event:304 - 🚀 Cognitive Forge Desktop App starting up...
2025-07-30 01:56:04.373 | WARNING  | src.models.advanced_database:get_system_stats:379 - Database stats query failed: (psycopg2.errors.UndefinedColumn) column missions.mission_id_str does not exist
LINE 2: FROM (SELECT missions.id AS missions_id, missions.mission_id...
                                                 ^

[SQL: SELECT count(*) AS count_1 
FROM (SELECT missions.id AS missions_id, missions.mission_id_str AS missions_mission_id_str, missions.title AS missions_title, missions.prompt AS missions_prompt, missions.agent_type AS missions_agent_type, missions.status AS missions_status, missions.result AS missions_result, missions.plan AS missions_plan, missions.execution_time AS missions_execution_time, missions.tokens_used AS missions_tokens_used, missions.error_message AS missions_error_message, missions.created_at AS missions_created_at, missions.updated_at AS missions_updated_at, missions.completed_at AS missions_completed_at, missions.is_archived AS missions_is_archived 
FROM missions) AS anon_1]
(Background on this error at: https://sqlalche.me/e/20/f405)
2025-07-30 01:56:05.436 | INFO     | src.tools.advanced_tools:get_system_info:214 - System information retrieved
2025-07-30 02:21:34.198 | WARNING  | src.models.advanced_database:get_system_stats:379 - Database stats query failed: (psycopg2.errors.UndefinedColumn) column missions.mission_id_str does not exist
LINE 2: FROM (SELECT missions.id AS missions_id, missions.mission_id...
                                                 ^

[SQL: SELECT count(*) AS count_1 
FROM (SELECT missions.id AS missions_id, missions.mission_id_str AS missions_mission_id_str, missions.title AS missions_title, missions.prompt AS missions_prompt, missions.agent_type AS missions_agent_type, missions.status AS missions_status, missions.result AS missions_result, missions.plan AS missions_plan, missions.execution_time AS missions_execution_time, missions.tokens_used AS missions_tokens_used, missions.error_message AS missions_error_message, missions.created_at AS missions_created_at, missions.updated_at AS missions_updated_at, missions.completed_at AS missions_completed_at, missions.is_archived AS missions_is_archived 
FROM missions) AS anon_1]
(Background on this error at: https://sqlalche.me/e/20/f405)
2025-07-30 02:21:35.261 | INFO     | src.tools.advanced_tools:get_system_info:214 - System information retrieved
2025-07-30 02:32:48.234 | INFO     | src.main:startup_event:306 - 🚀 Cognitive Forge Desktop App starting up...
2025-07-30 02:33:29.548 | WARNING  | src.models.advanced_database:get_system_stats:379 - Database stats query failed: (psycopg2.errors.UndefinedColumn) column missions.prompt does not exist
LINE 2: ...mission_id_str, missions.title AS missions_title, missions.p...
                                                             ^

[SQL: SELECT count(*) AS count_1 
FROM (SELECT missions.id AS missions_id, missions.mission_id_str AS missions_mission_id_str, missions.title AS missions_title, missions.prompt AS missions_prompt, missions.agent_type AS missions_agent_type, missions.status AS missions_status, missions.result AS missions_result, missions.plan AS missions_plan, missions.execution_time AS missions_execution_time, missions.tokens_used AS missions_tokens_used, missions.error_message AS missions_error_message, missions.created_at AS missions_created_at, missions.updated_at AS missions_updated_at, missions.completed_at AS missions_completed_at, missions.is_archived AS missions_is_archived 
FROM missions) AS anon_1]
(Background on this error at: https://sqlalche.me/e/20/f405)
2025-07-30 02:33:30.601 | INFO     | src.tools.advanced_tools:get_system_info:214 - System information retrieved
2025-07-30 02:38:00.105 | INFO     | src.main:startup_event:314 - 🚀 Cognitive Forge Desktop App starting up...
2025-07-30 02:38:36.732 | INFO     | src.main:startup_event:314 - 🚀 Cognitive Forge Desktop App starting up...
2025-07-30 02:39:18.752 | INFO     | src.tools.advanced_tools:get_system_info:214 - System information retrieved
2025-07-30 02:54:32.682 | INFO     | src.main:startup_event:314 - 🚀 Cognitive Forge Desktop App starting up...
2025-07-30 02:55:33.128 | INFO     | src.main:shutdown_event:328 - 🛑 Cognitive Forge Desktop App shutting down...
2025-07-30 02:57:41.191 | INFO     | src.main:startup_event:314 - 🚀 Cognitive Forge Desktop App starting up...
2025-07-30 02:58:58.909 | INFO     | src.main:shutdown_event:328 - 🛑 Cognitive Forge Desktop App shutting down...
2025-07-30 03:05:00.075 | INFO     | src.main:shutdown_event:328 - 🛑 Cognitive Forge Desktop App shutting down...
2025-07-30 03:05:00.732 | INFO     | src.main:shutdown_event:328 - 🛑 Cognitive Forge Desktop App shutting down...
2025-07-30 03:05:18.488 | INFO     | src.main:startup_event:314 - 🚀 Cognitive Forge Desktop App starting up...
2025-07-30 03:05:18.883 | INFO     | src.main:shutdown_event:328 - 🛑 Cognitive Forge Desktop App shutting down...
2025-07-30 03:05:36.256 | INFO     | src.main:startup_event:314 - 🚀 Cognitive Forge Desktop App starting up...
2025-07-30 03:19:50.654 | INFO     | src.main:shutdown_event:328 - 🛑 Cognitive Forge Desktop App shutting down...
2025-07-30 03:20:18.347 | INFO     | src.main:startup_event:314 - 🚀 Cognitive Forge Desktop App starting up...
2025-07-30 03:20:18.476 | INFO     | src.main:shutdown_event:328 - 🛑 Cognitive Forge Desktop App shutting down...
2025-07-30 03:20:38.675 | INFO     | src.main:startup_event:314 - 🚀 Cognitive Forge Desktop App starting up...
2025-07-30 04:05:26.528 | INFO     | src.main:shutdown_event:328 - 🛑 Cognitive Forge Desktop App shutting down...
2025-07-30 04:05:55.651 | INFO     | src.main:startup_event:314 - 🚀 Cognitive Forge Desktop App starting up...
2025-07-30 04:05:55.800 | INFO     | src.main:shutdown_event:328 - 🛑 Cognitive Forge Desktop App shutting down...
2025-07-30 04:06:26.671 | INFO     | src.main:startup_event:314 - 🚀 Cognitive Forge Desktop App starting up...
2025-07-30 04:07:26.825 | INFO     | src.main:shutdown_event:328 - 🛑 Cognitive Forge Desktop App shutting down...
2025-07-30 04:07:57.063 | INFO     | src.main:startup_event:314 - 🚀 Cognitive Forge Desktop App starting up...
2025-07-30 04:08:02.221 | INFO     | src.main:shutdown_event:328 - 🛑 Cognitive Forge Desktop App shutting down...
2025-07-30 04:08:32.042 | INFO     | src.main:startup_event:314 - 🚀 Cognitive Forge Desktop App starting up...
2025-07-30 04:08:32.183 | INFO     | src.main:shutdown_event:328 - 🛑 Cognitive Forge Desktop App shutting down...
2025-07-30 04:08:58.678 | INFO     | src.main:startup_event:314 - 🚀 Cognitive Forge Desktop App starting up...
2025-07-30 04:09:18.673 | INFO     | src.tools.advanced_tools:get_system_info:214 - System information retrieved
2025-07-30 04:10:26.603 | INFO     | src.main:shutdown_event:328 - 🛑 Cognitive Forge Desktop App shutting down...
2025-07-30 04:10:52.211 | INFO     | src.main:startup_event:314 - 🚀 Cognitive Forge Desktop App starting up...
2025-07-30 04:17:21.272 | INFO     | src.tools.advanced_tools:get_system_info:214 - System information retrieved
2025-07-30 04:17:37.572 | ERROR    | src.models.advanced_database:create_mission:149 - Error creating mission: (psycopg2.errors.NotNullViolation) null value in column "id" of relation "missions" violates not-null constraint
DETAIL:  Failing row contains (null, Comprehensive Test Mission, null, pending, 2025-07-30 09:17:37.449513, 2025-07-30 09:17:37.449513, null, null, null, null, mission_eacfc0cd, developer, null, null, null, f, Test mission for comprehensive testing).

[SQL: INSERT INTO missions (mission_id_str, title, prompt, agent_type, status, result, execution_time, tokens_used, error_message, created_at, updated_at, completed_at, is_archived) VALUES (%(mission_id_str)s, %(title)s, %(prompt)s, %(agent_type)s, %(status)s, %(result)s, %(execution_time)s, %(tokens_used)s, %(error_message)s, %(created_at)s, %(updated_at)s, %(completed_at)s, %(is_archived)s) RETURNING missions.id]
[parameters: {'mission_id_str': 'mission_eacfc0cd', 'title': 'Comprehensive Test Mission', 'prompt': 'Test mission for comprehensive testing', 'agent_type': 'developer', 'status': 'pending', 'result': None, 'execution_time': None, 'tokens_used': None, 'error_message': None, 'created_at': datetime.datetime(2025, 7, 30, 9, 17, 37, 449513), 'updated_at': datetime.datetime(2025, 7, 30, 9, 17, 37, 449513), 'completed_at': None, 'is_archived': False}]
(Background on this error at: https://sqlalche.me/e/20/gkpj)
2025-07-30 04:17:37.573 | ERROR    | src.main:create_advanced_mission:172 - Error creating mission: (psycopg2.errors.NotNullViolation) null value in column "id" of relation "missions" violates not-null constraint
DETAIL:  Failing row contains (null, Comprehensive Test Mission, null, pending, 2025-07-30 09:17:37.449513, 2025-07-30 09:17:37.449513, null, null, null, null, mission_eacfc0cd, developer, null, null, null, f, Test mission for comprehensive testing).

[SQL: INSERT INTO missions (mission_id_str, title, prompt, agent_type, status, result, execution_time, tokens_used, error_message, created_at, updated_at, completed_at, is_archived) VALUES (%(mission_id_str)s, %(title)s, %(prompt)s, %(agent_type)s, %(status)s, %(result)s, %(execution_time)s, %(tokens_used)s, %(error_message)s, %(created_at)s, %(updated_at)s, %(completed_at)s, %(is_archived)s) RETURNING missions.id]
[parameters: {'mission_id_str': 'mission_eacfc0cd', 'title': 'Comprehensive Test Mission', 'prompt': 'Test mission for comprehensive testing', 'agent_type': 'developer', 'status': 'pending', 'result': None, 'execution_time': None, 'tokens_used': None, 'error_message': None, 'created_at': datetime.datetime(2025, 7, 30, 9, 17, 37, 449513), 'updated_at': datetime.datetime(2025, 7, 30, 9, 17, 37, 449513), 'completed_at': None, 'is_archived': False}]
(Background on this error at: https://sqlalche.me/e/20/gkpj)
2025-07-30 04:17:38.104 | INFO     | src.models.advanced_database:search_memory:314 - Memory search returned 0 results
2025-07-30 04:19:36.566 | INFO     | src.tools.advanced_tools:get_system_info:214 - System information retrieved
2025-07-30 04:20:25.360 | INFO     | src.main:shutdown_event:328 - 🛑 Cognitive Forge Desktop App shutting down...
2025-07-30 04:20:51.523 | INFO     | src.main:startup_event:314 - 🚀 Cognitive Forge Desktop App starting up...
2025-07-30 04:21:43.124 | INFO     | src.main:startup_event:314 - 🚀 Cognitive Forge Desktop App starting up...
2025-07-30 04:28:38.621 | INFO     | src.main:shutdown_event:328 - 🛑 Cognitive Forge Desktop App shutting down...
2025-07-30 04:29:26.541 | INFO     | src.main:shutdown_event:328 - 🛑 Cognitive Forge Desktop App shutting down...
2025-07-30 04:29:50.819 | INFO     | src.main:startup_event:409 - 🚀 Cognitive Forge Desktop App starting up...
2025-07-30 04:33:41.048 | INFO     | src.main:startup_event:409 - 🚀 Cognitive Forge Desktop App starting up...
2025-07-30 04:39:03.993 | INFO     | src.main:shutdown_event:423 - 🛑 Cognitive Forge Desktop App shutting down...
2025-07-30 04:39:41.027 | INFO     | src.main:startup_event:413 - 🚀 Cognitive Forge Desktop App starting up...
2025-07-30 04:43:15.741 | INFO     | src.main:shutdown_event:423 - 🛑 Cognitive Forge Desktop App shutting down...
2025-07-30 04:43:40.403 | INFO     | src.main:startup_event:413 - 🚀 Cognitive Forge Desktop App starting up...
2025-07-30 05:13:03.688 | INFO     | src.main:shutdown_event:427 - 🛑 Cognitive Forge Desktop App shutting down...
2025-07-30 05:13:31.583 | INFO     | src.main:startup_event:413 - 🚀 Cognitive Forge Desktop App starting up...
2025-07-30 05:14:24.395 | ERROR    | src.models.advanced_database:create_mission:149 - Error creating mission: (psycopg2.errors.NotNullViolation) null value in column "id" of relation "missions" violates not-null constraint
DETAIL:  Failing row contains (null, Test Mission - 05:14:21, null, pending, 2025-07-30 10:14:24.01346, 2025-07-30 10:14:24.01346, null, null, null, null, mission_e8bbfc32, developer, null, null, null, f, 
        Create a test file on my desktop called 'sentinel_test....).

[SQL: INSERT INTO missions (mission_id_str, title, prompt, agent_type, status, result, execution_time, tokens_used, error_message, created_at, updated_at, completed_at, is_archived) VALUES (%(mission_id_str)s, %(title)s, %(prompt)s, %(agent_type)s, %(status)s, %(result)s, %(execution_time)s, %(tokens_used)s, %(error_message)s, %(created_at)s, %(updated_at)s, %(completed_at)s, %(is_archived)s) RETURNING missions.id]
[parameters: {'mission_id_str': 'mission_e8bbfc32', 'title': 'Test Mission - 05:14:21', 'prompt': '\n        Create a test file on my desktop called \'sentinel_test.txt\' with the following content:\n        "This is a test file created by Sentinel AI Agent at {timestamp}"\n        Then verify the file was created successfully.\n        ', 'agent_type': 'developer', 'status': 'pending', 'result': None, 'execution_time': None, 'tokens_used': None, 'error_message': None, 'created_at': datetime.datetime(2025, 7, 30, 10, 14, 24, 13460), 'updated_at': datetime.datetime(2025, 7, 30, 10, 14, 24, 13460), 'completed_at': None, 'is_archived': False}]
(Background on this error at: https://sqlalche.me/e/20/gkpj)
2025-07-30 05:14:24.396 | ERROR    | src.main:create_advanced_mission:172 - Error creating mission: (psycopg2.errors.NotNullViolation) null value in column "id" of relation "missions" violates not-null constraint
DETAIL:  Failing row contains (null, Test Mission - 05:14:21, null, pending, 2025-07-30 10:14:24.01346, 2025-07-30 10:14:24.01346, null, null, null, null, mission_e8bbfc32, developer, null, null, null, f, 
        Create a test file on my desktop called 'sentinel_test....).

[SQL: INSERT INTO missions (mission_id_str, title, prompt, agent_type, status, result, execution_time, tokens_used, error_message, created_at, updated_at, completed_at, is_archived) VALUES (%(mission_id_str)s, %(title)s, %(prompt)s, %(agent_type)s, %(status)s, %(result)s, %(execution_time)s, %(tokens_used)s, %(error_message)s, %(created_at)s, %(updated_at)s, %(completed_at)s, %(is_archived)s) RETURNING missions.id]
[parameters: {'mission_id_str': 'mission_e8bbfc32', 'title': 'Test Mission - 05:14:21', 'prompt': '\n        Create a test file on my desktop called \'sentinel_test.txt\' with the following content:\n        "This is a test file created by Sentinel AI Agent at {timestamp}"\n        Then verify the file was created successfully.\n        ', 'agent_type': 'developer', 'status': 'pending', 'result': None, 'execution_time': None, 'tokens_used': None, 'error_message': None, 'created_at': datetime.datetime(2025, 7, 30, 10, 14, 24, 13460), 'updated_at': datetime.datetime(2025, 7, 30, 10, 14, 24, 13460), 'completed_at': None, 'is_archived': False}]
(Background on this error at: https://sqlalche.me/e/20/gkpj)
2025-07-30 05:14:29.329 | ERROR    | src.models.advanced_database:create_mission:149 - Error creating mission: (psycopg2.errors.NotNullViolation) null value in column "id" of relation "missions" violates not-null constraint
DETAIL:  Failing row contains (null, Test Mission - 05:14:24, null, pending, 2025-07-30 10:14:29.17827, 2025-07-30 10:14:29.17827, null, null, null, null, mission_3ec773fb, developer, null, null, null, f, 
        Create a Python script that:
        1. Generates a ran...).

[SQL: INSERT INTO missions (mission_id_str, title, prompt, agent_type, status, result, execution_time, tokens_used, error_message, created_at, updated_at, completed_at, is_archived) VALUES (%(mission_id_str)s, %(title)s, %(prompt)s, %(agent_type)s, %(status)s, %(result)s, %(execution_time)s, %(tokens_used)s, %(error_message)s, %(created_at)s, %(updated_at)s, %(completed_at)s, %(is_archived)s) RETURNING missions.id]
[parameters: {'mission_id_str': 'mission_3ec773fb', 'title': 'Test Mission - 05:14:24', 'prompt': "\n        Create a Python script that:\n        1. Generates a random number between 1-100\n        2. Saves it to a file called 'random_number.txt'\ ... (41 characters truncated) ... sole\n        4. Includes proper error handling\n        \n        Save this script as 'test_random_generator.py' in the current directory.\n        ", 'agent_type': 'developer', 'status': 'pending', 'result': None, 'execution_time': None, 'tokens_used': None, 'error_message': None, 'created_at': datetime.datetime(2025, 7, 30, 10, 14, 29, 178270), 'updated_at': datetime.datetime(2025, 7, 30, 10, 14, 29, 178270), 'completed_at': None, 'is_archived': False}]
(Background on this error at: https://sqlalche.me/e/20/gkpj)
2025-07-30 05:14:29.330 | ERROR    | src.main:create_advanced_mission:172 - Error creating mission: (psycopg2.errors.NotNullViolation) null value in column "id" of relation "missions" violates not-null constraint
DETAIL:  Failing row contains (null, Test Mission - 05:14:24, null, pending, 2025-07-30 10:14:29.17827, 2025-07-30 10:14:29.17827, null, null, null, null, mission_3ec773fb, developer, null, null, null, f, 
        Create a Python script that:
        1. Generates a ran...).

[SQL: INSERT INTO missions (mission_id_str, title, prompt, agent_type, status, result, execution_time, tokens_used, error_message, created_at, updated_at, completed_at, is_archived) VALUES (%(mission_id_str)s, %(title)s, %(prompt)s, %(agent_type)s, %(status)s, %(result)s, %(execution_time)s, %(tokens_used)s, %(error_message)s, %(created_at)s, %(updated_at)s, %(completed_at)s, %(is_archived)s) RETURNING missions.id]
[parameters: {'mission_id_str': 'mission_3ec773fb', 'title': 'Test Mission - 05:14:24', 'prompt': "\n        Create a Python script that:\n        1. Generates a random number between 1-100\n        2. Saves it to a file called 'random_number.txt'\ ... (41 characters truncated) ... sole\n        4. Includes proper error handling\n        \n        Save this script as 'test_random_generator.py' in the current directory.\n        ", 'agent_type': 'developer', 'status': 'pending', 'result': None, 'execution_time': None, 'tokens_used': None, 'error_message': None, 'created_at': datetime.datetime(2025, 7, 30, 10, 14, 29, 178270), 'updated_at': datetime.datetime(2025, 7, 30, 10, 14, 29, 178270), 'completed_at': None, 'is_archived': False}]
(Background on this error at: https://sqlalche.me/e/20/gkpj)
2025-07-30 05:14:31.533 | ERROR    | src.models.advanced_database:create_mission:149 - Error creating mission: (psycopg2.errors.NotNullViolation) null value in column "id" of relation "missions" violates not-null constraint
DETAIL:  Failing row contains (null, Test Mission - 05:14:29, null, pending, 2025-07-30 10:14:31.406261, 2025-07-30 10:14:31.406261, null, null, null, null, mission_c00c065b, developer, null, null, null, f, 
        Analyze my computer system and create a report that inc...).

[SQL: INSERT INTO missions (mission_id_str, title, prompt, agent_type, status, result, execution_time, tokens_used, error_message, created_at, updated_at, completed_at, is_archived) VALUES (%(mission_id_str)s, %(title)s, %(prompt)s, %(agent_type)s, %(status)s, %(result)s, %(execution_time)s, %(tokens_used)s, %(error_message)s, %(created_at)s, %(updated_at)s, %(completed_at)s, %(is_archived)s) RETURNING missions.id]
[parameters: {'mission_id_str': 'mission_c00c065b', 'title': 'Test Mission - 05:14:29', 'prompt': "\n        Analyze my computer system and create a report that includes:\n        1. Available disk space\n        2. Memory usage\n        3. CPU inf ... (59 characters truncated) ...       5. Network connections\n        \n        Save this report as 'system_analysis_report.txt' and also display a summary in the console.\n        ", 'agent_type': 'developer', 'status': 'pending', 'result': None, 'execution_time': None, 'tokens_used': None, 'error_message': None, 'created_at': datetime.datetime(2025, 7, 30, 10, 14, 31, 406261), 'updated_at': datetime.datetime(2025, 7, 30, 10, 14, 31, 406261), 'completed_at': None, 'is_archived': False}]
(Background on this error at: https://sqlalche.me/e/20/gkpj)
2025-07-30 05:14:31.535 | ERROR    | src.main:create_advanced_mission:172 - Error creating mission: (psycopg2.errors.NotNullViolation) null value in column "id" of relation "missions" violates not-null constraint
DETAIL:  Failing row contains (null, Test Mission - 05:14:29, null, pending, 2025-07-30 10:14:31.406261, 2025-07-30 10:14:31.406261, null, null, null, null, mission_c00c065b, developer, null, null, null, f, 
        Analyze my computer system and create a report that inc...).

[SQL: INSERT INTO missions (mission_id_str, title, prompt, agent_type, status, result, execution_time, tokens_used, error_message, created_at, updated_at, completed_at, is_archived) VALUES (%(mission_id_str)s, %(title)s, %(prompt)s, %(agent_type)s, %(status)s, %(result)s, %(execution_time)s, %(tokens_used)s, %(error_message)s, %(created_at)s, %(updated_at)s, %(completed_at)s, %(is_archived)s) RETURNING missions.id]
[parameters: {'mission_id_str': 'mission_c00c065b', 'title': 'Test Mission - 05:14:29', 'prompt': "\n        Analyze my computer system and create a report that includes:\n        1. Available disk space\n        2. Memory usage\n        3. CPU inf ... (59 characters truncated) ...       5. Network connections\n        \n        Save this report as 'system_analysis_report.txt' and also display a summary in the console.\n        ", 'agent_type': 'developer', 'status': 'pending', 'result': None, 'execution_time': None, 'tokens_used': None, 'error_message': None, 'created_at': datetime.datetime(2025, 7, 30, 10, 14, 31, 406261), 'updated_at': datetime.datetime(2025, 7, 30, 10, 14, 31, 406261), 'completed_at': None, 'is_archived': False}]
(Background on this error at: https://sqlalche.me/e/20/gkpj)
2025-07-30 05:14:33.688 | ERROR    | src.models.advanced_database:create_mission:149 - Error creating mission: (psycopg2.errors.NotNullViolation) null value in column "id" of relation "missions" violates not-null constraint
DETAIL:  Failing row contains (null, Test Mission - 05:14:31, null, pending, 2025-07-30 10:14:33.570769, 2025-07-30 10:14:33.570769, null, null, null, null, mission_15b6b20d, developer, null, null, null, f, 
        Create a comprehensive project that demonstrates multip...).

[SQL: INSERT INTO missions (mission_id_str, title, prompt, agent_type, status, result, execution_time, tokens_used, error_message, created_at, updated_at, completed_at, is_archived) VALUES (%(mission_id_str)s, %(title)s, %(prompt)s, %(agent_type)s, %(status)s, %(result)s, %(execution_time)s, %(tokens_used)s, %(error_message)s, %(created_at)s, %(updated_at)s, %(completed_at)s, %(is_archived)s) RETURNING missions.id]
[parameters: {'mission_id_str': 'mission_15b6b20d', 'title': 'Test Mission - 05:14:31', 'prompt': "\n        Create a comprehensive project that demonstrates multiple AI agents working together:\n        \n        1. First, create a simple web appl ... (326 characters truncated) ...  multiple agents: developer, tester, and documentation specialist.\n        Save everything in a folder called 'sentinel_multi_agent_demo'.\n        ", 'agent_type': 'developer', 'status': 'pending', 'result': None, 'execution_time': None, 'tokens_used': None, 'error_message': None, 'created_at': datetime.datetime(2025, 7, 30, 10, 14, 33, 570769), 'updated_at': datetime.datetime(2025, 7, 30, 10, 14, 33, 570769), 'completed_at': None, 'is_archived': False}]
(Background on this error at: https://sqlalche.me/e/20/gkpj)
2025-07-30 05:14:33.689 | ERROR    | src.main:create_advanced_mission:172 - Error creating mission: (psycopg2.errors.NotNullViolation) null value in column "id" of relation "missions" violates not-null constraint
DETAIL:  Failing row contains (null, Test Mission - 05:14:31, null, pending, 2025-07-30 10:14:33.570769, 2025-07-30 10:14:33.570769, null, null, null, null, mission_15b6b20d, developer, null, null, null, f, 
        Create a comprehensive project that demonstrates multip...).

[SQL: INSERT INTO missions (mission_id_str, title, prompt, agent_type, status, result, execution_time, tokens_used, error_message, created_at, updated_at, completed_at, is_archived) VALUES (%(mission_id_str)s, %(title)s, %(prompt)s, %(agent_type)s, %(status)s, %(result)s, %(execution_time)s, %(tokens_used)s, %(error_message)s, %(created_at)s, %(updated_at)s, %(completed_at)s, %(is_archived)s) RETURNING missions.id]
[parameters: {'mission_id_str': 'mission_15b6b20d', 'title': 'Test Mission - 05:14:31', 'prompt': "\n        Create a comprehensive project that demonstrates multiple AI agents working together:\n        \n        1. First, create a simple web appl ... (326 characters truncated) ...  multiple agents: developer, tester, and documentation specialist.\n        Save everything in a folder called 'sentinel_multi_agent_demo'.\n        ", 'agent_type': 'developer', 'status': 'pending', 'result': None, 'execution_time': None, 'tokens_used': None, 'error_message': None, 'created_at': datetime.datetime(2025, 7, 30, 10, 14, 33, 570769), 'updated_at': datetime.datetime(2025, 7, 30, 10, 14, 33, 570769), 'completed_at': None, 'is_archived': False}]
(Background on this error at: https://sqlalche.me/e/20/gkpj)
2025-07-30 05:14:53.048 | ERROR    | src.models.advanced_database:create_mission:149 - Error creating mission: (psycopg2.errors.NotNullViolation) null value in column "id" of relation "missions" violates not-null constraint
DETAIL:  Failing row contains (null, Test, null, pending, 2025-07-30 10:14:52.921942, 2025-07-30 10:14:52.921942, null, null, null, null, mission_7e094b34, developer, null, null, null, f, Create a test file).

[SQL: INSERT INTO missions (mission_id_str, title, prompt, agent_type, status, result, execution_time, tokens_used, error_message, created_at, updated_at, completed_at, is_archived) VALUES (%(mission_id_str)s, %(title)s, %(prompt)s, %(agent_type)s, %(status)s, %(result)s, %(execution_time)s, %(tokens_used)s, %(error_message)s, %(created_at)s, %(updated_at)s, %(completed_at)s, %(is_archived)s) RETURNING missions.id]
[parameters: {'mission_id_str': 'mission_7e094b34', 'title': 'Test', 'prompt': 'Create a test file', 'agent_type': 'developer', 'status': 'pending', 'result': None, 'execution_time': None, 'tokens_used': None, 'error_message': None, 'created_at': datetime.datetime(2025, 7, 30, 10, 14, 52, 921942), 'updated_at': datetime.datetime(2025, 7, 30, 10, 14, 52, 921942), 'completed_at': None, 'is_archived': False}]
(Background on this error at: https://sqlalche.me/e/20/gkpj)
2025-07-30 05:14:53.050 | ERROR    | src.main:create_advanced_mission:172 - Error creating mission: (psycopg2.errors.NotNullViolation) null value in column "id" of relation "missions" violates not-null constraint
DETAIL:  Failing row contains (null, Test, null, pending, 2025-07-30 10:14:52.921942, 2025-07-30 10:14:52.921942, null, null, null, null, mission_7e094b34, developer, null, null, null, f, Create a test file).

[SQL: INSERT INTO missions (mission_id_str, title, prompt, agent_type, status, result, execution_time, tokens_used, error_message, created_at, updated_at, completed_at, is_archived) VALUES (%(mission_id_str)s, %(title)s, %(prompt)s, %(agent_type)s, %(status)s, %(result)s, %(execution_time)s, %(tokens_used)s, %(error_message)s, %(created_at)s, %(updated_at)s, %(completed_at)s, %(is_archived)s) RETURNING missions.id]
[parameters: {'mission_id_str': 'mission_7e094b34', 'title': 'Test', 'prompt': 'Create a test file', 'agent_type': 'developer', 'status': 'pending', 'result': None, 'execution_time': None, 'tokens_used': None, 'error_message': None, 'created_at': datetime.datetime(2025, 7, 30, 10, 14, 52, 921942), 'updated_at': datetime.datetime(2025, 7, 30, 10, 14, 52, 921942), 'completed_at': None, 'is_archived': False}]
(Background on this error at: https://sqlalche.me/e/20/gkpj)
2025-07-30 05:16:03.641 | INFO     | src.main:shutdown_event:427 - 🛑 Cognitive Forge Desktop App shutting down...
2025-07-30 05:16:32.647 | INFO     | src.main:startup_event:413 - 🚀 Cognitive Forge Desktop App starting up...
2025-07-30 05:16:39.629 | INFO     | src.main:shutdown_event:427 - 🛑 Cognitive Forge Desktop App shutting down...
2025-07-30 05:17:13.794 | INFO     | src.main:startup_event:413 - 🚀 Cognitive Forge Desktop App starting up...
2025-07-30 05:17:17.688 | INFO     | src.main:shutdown_event:427 - 🛑 Cognitive Forge Desktop App shutting down...
2025-07-30 05:17:50.805 | INFO     | src.main:startup_event:413 - 🚀 Cognitive Forge Desktop App starting up...
2025-07-30 05:18:39.283 | INFO     | src.main:shutdown_event:427 - 🛑 Cognitive Forge Desktop App shutting down...
2025-07-30 05:19:12.739 | INFO     | src.main:startup_event:413 - 🚀 Cognitive Forge Desktop App starting up...
2025-07-30 05:19:22.082 | INFO     | src.main:shutdown_event:427 - 🛑 Cognitive Forge Desktop App shutting down...
2025-07-30 05:19:54.971 | INFO     | src.main:startup_event:413 - 🚀 Cognitive Forge Desktop App starting up...
2025-07-30 05:20:58.746 | ERROR    | src.models.advanced_database:create_mission:149 - Error creating mission: (psycopg2.errors.NotNullViolation) null value in column "id" of relation "missions" violates not-null constraint
DETAIL:  Failing row contains (null, Test Mission - 05:20:56, null, pending, 2025-07-30 10:20:58.618795, 2025-07-30 10:20:58.618795, null, null, null, null, mission_08154e60, developer, null, null, null, f, 
        Create a test file on my desktop called 'sentinel_test....).

[SQL: INSERT INTO missions (mission_id_str, title, prompt, agent_type, status, result, execution_time, tokens_used, error_message, created_at, updated_at, completed_at, is_archived) VALUES (%(mission_id_str)s, %(title)s, %(prompt)s, %(agent_type)s, %(status)s, %(result)s, %(execution_time)s, %(tokens_used)s, %(error_message)s, %(created_at)s, %(updated_at)s, %(completed_at)s, %(is_archived)s) RETURNING missions.id]
[parameters: {'mission_id_str': 'mission_08154e60', 'title': 'Test Mission - 05:20:56', 'prompt': '\n        Create a test file on my desktop called \'sentinel_test.txt\' with the following content:\n        "This is a test file created by Sentinel AI Agent at {timestamp}"\n        Then verify the file was created successfully.\n        ', 'agent_type': 'developer', 'status': 'pending', 'result': None, 'execution_time': None, 'tokens_used': None, 'error_message': None, 'created_at': datetime.datetime(2025, 7, 30, 10, 20, 58, 618795), 'updated_at': datetime.datetime(2025, 7, 30, 10, 20, 58, 618795), 'completed_at': None, 'is_archived': False}]
(Background on this error at: https://sqlalche.me/e/20/gkpj)
2025-07-30 05:20:58.747 | ERROR    | src.main:create_advanced_mission:172 - Error creating mission: (psycopg2.errors.NotNullViolation) null value in column "id" of relation "missions" violates not-null constraint
DETAIL:  Failing row contains (null, Test Mission - 05:20:56, null, pending, 2025-07-30 10:20:58.618795, 2025-07-30 10:20:58.618795, null, null, null, null, mission_08154e60, developer, null, null, null, f, 
        Create a test file on my desktop called 'sentinel_test....).

[SQL: INSERT INTO missions (mission_id_str, title, prompt, agent_type, status, result, execution_time, tokens_used, error_message, created_at, updated_at, completed_at, is_archived) VALUES (%(mission_id_str)s, %(title)s, %(prompt)s, %(agent_type)s, %(status)s, %(result)s, %(execution_time)s, %(tokens_used)s, %(error_message)s, %(created_at)s, %(updated_at)s, %(completed_at)s, %(is_archived)s) RETURNING missions.id]
[parameters: {'mission_id_str': 'mission_08154e60', 'title': 'Test Mission - 05:20:56', 'prompt': '\n        Create a test file on my desktop called \'sentinel_test.txt\' with the following content:\n        "This is a test file created by Sentinel AI Agent at {timestamp}"\n        Then verify the file was created successfully.\n        ', 'agent_type': 'developer', 'status': 'pending', 'result': None, 'execution_time': None, 'tokens_used': None, 'error_message': None, 'created_at': datetime.datetime(2025, 7, 30, 10, 20, 58, 618795), 'updated_at': datetime.datetime(2025, 7, 30, 10, 20, 58, 618795), 'completed_at': None, 'is_archived': False}]
(Background on this error at: https://sqlalche.me/e/20/gkpj)
2025-07-30 05:21:00.904 | ERROR    | src.models.advanced_database:create_mission:149 - Error creating mission: (psycopg2.errors.NotNullViolation) null value in column "id" of relation "missions" violates not-null constraint
DETAIL:  Failing row contains (null, Test Mission - 05:20:58, null, pending, 2025-07-30 10:21:00.780601, 2025-07-30 10:21:00.780601, null, null, null, null, mission_8e0b6939, developer, null, null, null, f, 
        Create a Python script that:
        1. Generates a ran...).

[SQL: INSERT INTO missions (mission_id_str, title, prompt, agent_type, status, result, execution_time, tokens_used, error_message, created_at, updated_at, completed_at, is_archived) VALUES (%(mission_id_str)s, %(title)s, %(prompt)s, %(agent_type)s, %(status)s, %(result)s, %(execution_time)s, %(tokens_used)s, %(error_message)s, %(created_at)s, %(updated_at)s, %(completed_at)s, %(is_archived)s) RETURNING missions.id]
[parameters: {'mission_id_str': 'mission_8e0b6939', 'title': 'Test Mission - 05:20:58', 'prompt': "\n        Create a Python script that:\n        1. Generates a random number between 1-100\n        2. Saves it to a file called 'random_number.txt'\ ... (41 characters truncated) ... sole\n        4. Includes proper error handling\n        \n        Save this script as 'test_random_generator.py' in the current directory.\n        ", 'agent_type': 'developer', 'status': 'pending', 'result': None, 'execution_time': None, 'tokens_used': None, 'error_message': None, 'created_at': datetime.datetime(2025, 7, 30, 10, 21, 0, 780601), 'updated_at': datetime.datetime(2025, 7, 30, 10, 21, 0, 780601), 'completed_at': None, 'is_archived': False}]
(Background on this error at: https://sqlalche.me/e/20/gkpj)
2025-07-30 05:21:00.906 | ERROR    | src.main:create_advanced_mission:172 - Error creating mission: (psycopg2.errors.NotNullViolation) null value in column "id" of relation "missions" violates not-null constraint
DETAIL:  Failing row contains (null, Test Mission - 05:20:58, null, pending, 2025-07-30 10:21:00.780601, 2025-07-30 10:21:00.780601, null, null, null, null, mission_8e0b6939, developer, null, null, null, f, 
        Create a Python script that:
        1. Generates a ran...).

[SQL: INSERT INTO missions (mission_id_str, title, prompt, agent_type, status, result, execution_time, tokens_used, error_message, created_at, updated_at, completed_at, is_archived) VALUES (%(mission_id_str)s, %(title)s, %(prompt)s, %(agent_type)s, %(status)s, %(result)s, %(execution_time)s, %(tokens_used)s, %(error_message)s, %(created_at)s, %(updated_at)s, %(completed_at)s, %(is_archived)s) RETURNING missions.id]
[parameters: {'mission_id_str': 'mission_8e0b6939', 'title': 'Test Mission - 05:20:58', 'prompt': "\n        Create a Python script that:\n        1. Generates a random number between 1-100\n        2. Saves it to a file called 'random_number.txt'\ ... (41 characters truncated) ... sole\n        4. Includes proper error handling\n        \n        Save this script as 'test_random_generator.py' in the current directory.\n        ", 'agent_type': 'developer', 'status': 'pending', 'result': None, 'execution_time': None, 'tokens_used': None, 'error_message': None, 'created_at': datetime.datetime(2025, 7, 30, 10, 21, 0, 780601), 'updated_at': datetime.datetime(2025, 7, 30, 10, 21, 0, 780601), 'completed_at': None, 'is_archived': False}]
(Background on this error at: https://sqlalche.me/e/20/gkpj)
2025-07-30 05:21:03.340 | ERROR    | src.models.advanced_database:create_mission:149 - Error creating mission: (psycopg2.errors.NotNullViolation) null value in column "id" of relation "missions" violates not-null constraint
DETAIL:  Failing row contains (null, Test Mission - 05:21:00, null, pending, 2025-07-30 10:21:02.961381, 2025-07-30 10:21:02.961381, null, null, null, null, mission_f8f649bb, developer, null, null, null, f, 
        Analyze my computer system and create a report that inc...).

[SQL: INSERT INTO missions (mission_id_str, title, prompt, agent_type, status, result, execution_time, tokens_used, error_message, created_at, updated_at, completed_at, is_archived) VALUES (%(mission_id_str)s, %(title)s, %(prompt)s, %(agent_type)s, %(status)s, %(result)s, %(execution_time)s, %(tokens_used)s, %(error_message)s, %(created_at)s, %(updated_at)s, %(completed_at)s, %(is_archived)s) RETURNING missions.id]
[parameters: {'mission_id_str': 'mission_f8f649bb', 'title': 'Test Mission - 05:21:00', 'prompt': "\n        Analyze my computer system and create a report that includes:\n        1. Available disk space\n        2. Memory usage\n        3. CPU inf ... (59 characters truncated) ...       5. Network connections\n        \n        Save this report as 'system_analysis_report.txt' and also display a summary in the console.\n        ", 'agent_type': 'developer', 'status': 'pending', 'result': None, 'execution_time': None, 'tokens_used': None, 'error_message': None, 'created_at': datetime.datetime(2025, 7, 30, 10, 21, 2, 961381), 'updated_at': datetime.datetime(2025, 7, 30, 10, 21, 2, 961381), 'completed_at': None, 'is_archived': False}]
(Background on this error at: https://sqlalche.me/e/20/gkpj)
2025-07-30 05:21:03.341 | ERROR    | src.main:create_advanced_mission:172 - Error creating mission: (psycopg2.errors.NotNullViolation) null value in column "id" of relation "missions" violates not-null constraint
DETAIL:  Failing row contains (null, Test Mission - 05:21:00, null, pending, 2025-07-30 10:21:02.961381, 2025-07-30 10:21:02.961381, null, null, null, null, mission_f8f649bb, developer, null, null, null, f, 
        Analyze my computer system and create a report that inc...).

[SQL: INSERT INTO missions (mission_id_str, title, prompt, agent_type, status, result, execution_time, tokens_used, error_message, created_at, updated_at, completed_at, is_archived) VALUES (%(mission_id_str)s, %(title)s, %(prompt)s, %(agent_type)s, %(status)s, %(result)s, %(execution_time)s, %(tokens_used)s, %(error_message)s, %(created_at)s, %(updated_at)s, %(completed_at)s, %(is_archived)s) RETURNING missions.id]
[parameters: {'mission_id_str': 'mission_f8f649bb', 'title': 'Test Mission - 05:21:00', 'prompt': "\n        Analyze my computer system and create a report that includes:\n        1. Available disk space\n        2. Memory usage\n        3. CPU inf ... (59 characters truncated) ...       5. Network connections\n        \n        Save this report as 'system_analysis_report.txt' and also display a summary in the console.\n        ", 'agent_type': 'developer', 'status': 'pending', 'result': None, 'execution_time': None, 'tokens_used': None, 'error_message': None, 'created_at': datetime.datetime(2025, 7, 30, 10, 21, 2, 961381), 'updated_at': datetime.datetime(2025, 7, 30, 10, 21, 2, 961381), 'completed_at': None, 'is_archived': False}]
(Background on this error at: https://sqlalche.me/e/20/gkpj)
2025-07-30 05:21:05.504 | ERROR    | src.models.advanced_database:create_mission:149 - Error creating mission: (psycopg2.errors.NotNullViolation) null value in column "id" of relation "missions" violates not-null constraint
DETAIL:  Failing row contains (null, Test Mission - 05:21:03, null, pending, 2025-07-30 10:21:05.38345, 2025-07-30 10:21:05.38345, null, null, null, null, mission_5a742a52, developer, null, null, null, f, 
        Create a comprehensive project that demonstrates multip...).

[SQL: INSERT INTO missions (mission_id_str, title, prompt, agent_type, status, result, execution_time, tokens_used, error_message, created_at, updated_at, completed_at, is_archived) VALUES (%(mission_id_str)s, %(title)s, %(prompt)s, %(agent_type)s, %(status)s, %(result)s, %(execution_time)s, %(tokens_used)s, %(error_message)s, %(created_at)s, %(updated_at)s, %(completed_at)s, %(is_archived)s) RETURNING missions.id]
[parameters: {'mission_id_str': 'mission_5a742a52', 'title': 'Test Mission - 05:21:03', 'prompt': "\n        Create a comprehensive project that demonstrates multiple AI agents working together:\n        \n        1. First, create a simple web appl ... (326 characters truncated) ...  multiple agents: developer, tester, and documentation specialist.\n        Save everything in a folder called 'sentinel_multi_agent_demo'.\n        ", 'agent_type': 'developer', 'status': 'pending', 'result': None, 'execution_time': None, 'tokens_used': None, 'error_message': None, 'created_at': datetime.datetime(2025, 7, 30, 10, 21, 5, 383450), 'updated_at': datetime.datetime(2025, 7, 30, 10, 21, 5, 383450), 'completed_at': None, 'is_archived': False}]
(Background on this error at: https://sqlalche.me/e/20/gkpj)
2025-07-30 05:21:05.505 | ERROR    | src.main:create_advanced_mission:172 - Error creating mission: (psycopg2.errors.NotNullViolation) null value in column "id" of relation "missions" violates not-null constraint
DETAIL:  Failing row contains (null, Test Mission - 05:21:03, null, pending, 2025-07-30 10:21:05.38345, 2025-07-30 10:21:05.38345, null, null, null, null, mission_5a742a52, developer, null, null, null, f, 
        Create a comprehensive project that demonstrates multip...).

[SQL: INSERT INTO missions (mission_id_str, title, prompt, agent_type, status, result, execution_time, tokens_used, error_message, created_at, updated_at, completed_at, is_archived) VALUES (%(mission_id_str)s, %(title)s, %(prompt)s, %(agent_type)s, %(status)s, %(result)s, %(execution_time)s, %(tokens_used)s, %(error_message)s, %(created_at)s, %(updated_at)s, %(completed_at)s, %(is_archived)s) RETURNING missions.id]
[parameters: {'mission_id_str': 'mission_5a742a52', 'title': 'Test Mission - 05:21:03', 'prompt': "\n        Create a comprehensive project that demonstrates multiple AI agents working together:\n        \n        1. First, create a simple web appl ... (326 characters truncated) ...  multiple agents: developer, tester, and documentation specialist.\n        Save everything in a folder called 'sentinel_multi_agent_demo'.\n        ", 'agent_type': 'developer', 'status': 'pending', 'result': None, 'execution_time': None, 'tokens_used': None, 'error_message': None, 'created_at': datetime.datetime(2025, 7, 30, 10, 21, 5, 383450), 'updated_at': datetime.datetime(2025, 7, 30, 10, 21, 5, 383450), 'completed_at': None, 'is_archived': False}]
(Background on this error at: https://sqlalche.me/e/20/gkpj)
2025-07-30 05:21:15.331 | ERROR    | src.models.advanced_database:create_mission:149 - Error creating mission: (psycopg2.errors.NotNullViolation) null value in column "id" of relation "missions" violates not-null constraint
DETAIL:  Failing row contains (null, Test, null, pending, 2025-07-30 10:21:15.212721, 2025-07-30 10:21:15.212721, null, null, null, null, mission_41615f2e, developer, null, null, null, f, Create a test file).

[SQL: INSERT INTO missions (mission_id_str, title, prompt, agent_type, status, result, execution_time, tokens_used, error_message, created_at, updated_at, completed_at, is_archived) VALUES (%(mission_id_str)s, %(title)s, %(prompt)s, %(agent_type)s, %(status)s, %(result)s, %(execution_time)s, %(tokens_used)s, %(error_message)s, %(created_at)s, %(updated_at)s, %(completed_at)s, %(is_archived)s) RETURNING missions.id]
[parameters: {'mission_id_str': 'mission_41615f2e', 'title': 'Test', 'prompt': 'Create a test file', 'agent_type': 'developer', 'status': 'pending', 'result': None, 'execution_time': None, 'tokens_used': None, 'error_message': None, 'created_at': datetime.datetime(2025, 7, 30, 10, 21, 15, 212721), 'updated_at': datetime.datetime(2025, 7, 30, 10, 21, 15, 212721), 'completed_at': None, 'is_archived': False}]
(Background on this error at: https://sqlalche.me/e/20/gkpj)
2025-07-30 05:21:15.332 | ERROR    | src.main:create_advanced_mission:172 - Error creating mission: (psycopg2.errors.NotNullViolation) null value in column "id" of relation "missions" violates not-null constraint
DETAIL:  Failing row contains (null, Test, null, pending, 2025-07-30 10:21:15.212721, 2025-07-30 10:21:15.212721, null, null, null, null, mission_41615f2e, developer, null, null, null, f, Create a test file).

[SQL: INSERT INTO missions (mission_id_str, title, prompt, agent_type, status, result, execution_time, tokens_used, error_message, created_at, updated_at, completed_at, is_archived) VALUES (%(mission_id_str)s, %(title)s, %(prompt)s, %(agent_type)s, %(status)s, %(result)s, %(execution_time)s, %(tokens_used)s, %(error_message)s, %(created_at)s, %(updated_at)s, %(completed_at)s, %(is_archived)s) RETURNING missions.id]
[parameters: {'mission_id_str': 'mission_41615f2e', 'title': 'Test', 'prompt': 'Create a test file', 'agent_type': 'developer', 'status': 'pending', 'result': None, 'execution_time': None, 'tokens_used': None, 'error_message': None, 'created_at': datetime.datetime(2025, 7, 30, 10, 21, 15, 212721), 'updated_at': datetime.datetime(2025, 7, 30, 10, 21, 15, 212721), 'completed_at': None, 'is_archived': False}]
(Background on this error at: https://sqlalche.me/e/20/gkpj)
2025-07-30 05:21:39.087 | INFO     | src.main:shutdown_event:427 - 🛑 Cognitive Forge Desktop App shutting down...
2025-07-30 05:22:11.470 | INFO     | src.main:startup_event:413 - 🚀 Cognitive Forge Desktop App starting up...
2025-07-30 05:22:43.726 | INFO     | src.main:shutdown_event:427 - 🛑 Cognitive Forge Desktop App shutting down...
2025-07-30 05:23:23.424 | INFO     | src.main:startup_event:413 - 🚀 Cognitive Forge Desktop App starting up...
2025-07-30 05:23:37.970 | INFO     | src.main:shutdown_event:427 - 🛑 Cognitive Forge Desktop App shutting down...
2025-07-30 05:24:08.224 | INFO     | src.main:startup_event:413 - 🚀 Cognitive Forge Desktop App starting up...
2025-07-30 05:24:08.361 | INFO     | src.main:shutdown_event:427 - 🛑 Cognitive Forge Desktop App shutting down...
2025-07-30 05:24:29.373 | INFO     | src.main:shutdown_event:427 - 🛑 Cognitive Forge Desktop App shutting down...
2025-07-30 05:24:51.955 | INFO     | src.main:startup_event:413 - 🚀 Cognitive Forge Desktop App starting up...
2025-07-30 05:24:52.342 | INFO     | src.main:shutdown_event:427 - 🛑 Cognitive Forge Desktop App shutting down...
2025-07-30 05:25:07.386 | INFO     | src.main:startup_event:413 - 🚀 Cognitive Forge Desktop App starting up...
2025-07-30 05:25:07.544 | INFO     | src.main:shutdown_event:427 - 🛑 Cognitive Forge Desktop App shutting down...
2025-07-30 05:25:28.220 | INFO     | src.main:startup_event:413 - 🚀 Cognitive Forge Desktop App starting up...
2025-07-30 05:25:47.929 | INFO     | src.main:startup_event:413 - 🚀 Cognitive Forge Desktop App starting up...
2025-07-30 05:26:39.984 | ERROR    | src.models.advanced_database:create_mission:149 - Error creating mission: (psycopg2.errors.NotNullViolation) null value in column "description" of relation "missions" violates not-null constraint
DETAIL:  Failing row contains (8, Test Mission - 05:26:37, null, pending, 2025-07-30 10:26:39.862376, 2025-07-30 10:26:39.862376, null, null, null, null, mission_a48493dd, developer, null, null, null, f, 
        Create a test file on my desktop called 'sentinel_test....).

[SQL: INSERT INTO missions (mission_id_str, title, prompt, agent_type, status, result, execution_time, tokens_used, error_message, created_at, updated_at, completed_at, is_archived) VALUES (%(mission_id_str)s, %(title)s, %(prompt)s, %(agent_type)s, %(status)s, %(result)s, %(execution_time)s, %(tokens_used)s, %(error_message)s, %(created_at)s, %(updated_at)s, %(completed_at)s, %(is_archived)s) RETURNING missions.id]
[parameters: {'mission_id_str': 'mission_a48493dd', 'title': 'Test Mission - 05:26:37', 'prompt': '\n        Create a test file on my desktop called \'sentinel_test.txt\' with the following content:\n        "This is a test file created by Sentinel AI Agent at {timestamp}"\n        Then verify the file was created successfully.\n        ', 'agent_type': 'developer', 'status': 'pending', 'result': None, 'execution_time': None, 'tokens_used': None, 'error_message': None, 'created_at': datetime.datetime(2025, 7, 30, 10, 26, 39, 862376), 'updated_at': datetime.datetime(2025, 7, 30, 10, 26, 39, 862376), 'completed_at': None, 'is_archived': False}]
(Background on this error at: https://sqlalche.me/e/20/gkpj)
2025-07-30 05:26:39.986 | ERROR    | src.main:create_advanced_mission:172 - Error creating mission: (psycopg2.errors.NotNullViolation) null value in column "description" of relation "missions" violates not-null constraint
DETAIL:  Failing row contains (8, Test Mission - 05:26:37, null, pending, 2025-07-30 10:26:39.862376, 2025-07-30 10:26:39.862376, null, null, null, null, mission_a48493dd, developer, null, null, null, f, 
        Create a test file on my desktop called 'sentinel_test....).

[SQL: INSERT INTO missions (mission_id_str, title, prompt, agent_type, status, result, execution_time, tokens_used, error_message, created_at, updated_at, completed_at, is_archived) VALUES (%(mission_id_str)s, %(title)s, %(prompt)s, %(agent_type)s, %(status)s, %(result)s, %(execution_time)s, %(tokens_used)s, %(error_message)s, %(created_at)s, %(updated_at)s, %(completed_at)s, %(is_archived)s) RETURNING missions.id]
[parameters: {'mission_id_str': 'mission_a48493dd', 'title': 'Test Mission - 05:26:37', 'prompt': '\n        Create a test file on my desktop called \'sentinel_test.txt\' with the following content:\n        "This is a test file created by Sentinel AI Agent at {timestamp}"\n        Then verify the file was created successfully.\n        ', 'agent_type': 'developer', 'status': 'pending', 'result': None, 'execution_time': None, 'tokens_used': None, 'error_message': None, 'created_at': datetime.datetime(2025, 7, 30, 10, 26, 39, 862376), 'updated_at': datetime.datetime(2025, 7, 30, 10, 26, 39, 862376), 'completed_at': None, 'is_archived': False}]
(Background on this error at: https://sqlalche.me/e/20/gkpj)
2025-07-30 05:26:42.181 | ERROR    | src.models.advanced_database:create_mission:149 - Error creating mission: (psycopg2.errors.NotNullViolation) null value in column "description" of relation "missions" violates not-null constraint
DETAIL:  Failing row contains (9, Test Mission - 05:26:39, null, pending, 2025-07-30 10:26:42.029939, 2025-07-30 10:26:42.029939, null, null, null, null, mission_f37fee67, developer, null, null, null, f, 
        Create a Python script that:
        1. Generates a ran...).

[SQL: INSERT INTO missions (mission_id_str, title, prompt, agent_type, status, result, execution_time, tokens_used, error_message, created_at, updated_at, completed_at, is_archived) VALUES (%(mission_id_str)s, %(title)s, %(prompt)s, %(agent_type)s, %(status)s, %(result)s, %(execution_time)s, %(tokens_used)s, %(error_message)s, %(created_at)s, %(updated_at)s, %(completed_at)s, %(is_archived)s) RETURNING missions.id]
[parameters: {'mission_id_str': 'mission_f37fee67', 'title': 'Test Mission - 05:26:39', 'prompt': "\n        Create a Python script that:\n        1. Generates a random number between 1-100\n        2. Saves it to a file called 'random_number.txt'\ ... (41 characters truncated) ... sole\n        4. Includes proper error handling\n        \n        Save this script as 'test_random_generator.py' in the current directory.\n        ", 'agent_type': 'developer', 'status': 'pending', 'result': None, 'execution_time': None, 'tokens_used': None, 'error_message': None, 'created_at': datetime.datetime(2025, 7, 30, 10, 26, 42, 29939), 'updated_at': datetime.datetime(2025, 7, 30, 10, 26, 42, 29939), 'completed_at': None, 'is_archived': False}]
(Background on this error at: https://sqlalche.me/e/20/gkpj)
2025-07-30 05:26:42.182 | ERROR    | src.main:create_advanced_mission:172 - Error creating mission: (psycopg2.errors.NotNullViolation) null value in column "description" of relation "missions" violates not-null constraint
DETAIL:  Failing row contains (9, Test Mission - 05:26:39, null, pending, 2025-07-30 10:26:42.029939, 2025-07-30 10:26:42.029939, null, null, null, null, mission_f37fee67, developer, null, null, null, f, 
        Create a Python script that:
        1. Generates a ran...).

[SQL: INSERT INTO missions (mission_id_str, title, prompt, agent_type, status, result, execution_time, tokens_used, error_message, created_at, updated_at, completed_at, is_archived) VALUES (%(mission_id_str)s, %(title)s, %(prompt)s, %(agent_type)s, %(status)s, %(result)s, %(execution_time)s, %(tokens_used)s, %(error_message)s, %(created_at)s, %(updated_at)s, %(completed_at)s, %(is_archived)s) RETURNING missions.id]
[parameters: {'mission_id_str': 'mission_f37fee67', 'title': 'Test Mission - 05:26:39', 'prompt': "\n        Create a Python script that:\n        1. Generates a random number between 1-100\n        2. Saves it to a file called 'random_number.txt'\ ... (41 characters truncated) ... sole\n        4. Includes proper error handling\n        \n        Save this script as 'test_random_generator.py' in the current directory.\n        ", 'agent_type': 'developer', 'status': 'pending', 'result': None, 'execution_time': None, 'tokens_used': None, 'error_message': None, 'created_at': datetime.datetime(2025, 7, 30, 10, 26, 42, 29939), 'updated_at': datetime.datetime(2025, 7, 30, 10, 26, 42, 29939), 'completed_at': None, 'is_archived': False}]
(Background on this error at: https://sqlalche.me/e/20/gkpj)
2025-07-30 05:26:44.366 | ERROR    | src.models.advanced_database:create_mission:149 - Error creating mission: (psycopg2.errors.NotNullViolation) null value in column "description" of relation "missions" violates not-null constraint
DETAIL:  Failing row contains (10, Test Mission - 05:26:42, null, pending, 2025-07-30 10:26:44.244233, 2025-07-30 10:26:44.244233, null, null, null, null, mission_4f3b3292, developer, null, null, null, f, 
        Analyze my computer system and create a report that inc...).

[SQL: INSERT INTO missions (mission_id_str, title, prompt, agent_type, status, result, execution_time, tokens_used, error_message, created_at, updated_at, completed_at, is_archived) VALUES (%(mission_id_str)s, %(title)s, %(prompt)s, %(agent_type)s, %(status)s, %(result)s, %(execution_time)s, %(tokens_used)s, %(error_message)s, %(created_at)s, %(updated_at)s, %(completed_at)s, %(is_archived)s) RETURNING missions.id]
[parameters: {'mission_id_str': 'mission_4f3b3292', 'title': 'Test Mission - 05:26:42', 'prompt': "\n        Analyze my computer system and create a report that includes:\n        1. Available disk space\n        2. Memory usage\n        3. CPU inf ... (59 characters truncated) ...       5. Network connections\n        \n        Save this report as 'system_analysis_report.txt' and also display a summary in the console.\n        ", 'agent_type': 'developer', 'status': 'pending', 'result': None, 'execution_time': None, 'tokens_used': None, 'error_message': None, 'created_at': datetime.datetime(2025, 7, 30, 10, 26, 44, 244233), 'updated_at': datetime.datetime(2025, 7, 30, 10, 26, 44, 244233), 'completed_at': None, 'is_archived': False}]
(Background on this error at: https://sqlalche.me/e/20/gkpj)
2025-07-30 05:26:44.368 | ERROR    | src.main:create_advanced_mission:172 - Error creating mission: (psycopg2.errors.NotNullViolation) null value in column "description" of relation "missions" violates not-null constraint
DETAIL:  Failing row contains (10, Test Mission - 05:26:42, null, pending, 2025-07-30 10:26:44.244233, 2025-07-30 10:26:44.244233, null, null, null, null, mission_4f3b3292, developer, null, null, null, f, 
        Analyze my computer system and create a report that inc...).

[SQL: INSERT INTO missions (mission_id_str, title, prompt, agent_type, status, result, execution_time, tokens_used, error_message, created_at, updated_at, completed_at, is_archived) VALUES (%(mission_id_str)s, %(title)s, %(prompt)s, %(agent_type)s, %(status)s, %(result)s, %(execution_time)s, %(tokens_used)s, %(error_message)s, %(created_at)s, %(updated_at)s, %(completed_at)s, %(is_archived)s) RETURNING missions.id]
[parameters: {'mission_id_str': 'mission_4f3b3292', 'title': 'Test Mission - 05:26:42', 'prompt': "\n        Analyze my computer system and create a report that includes:\n        1. Available disk space\n        2. Memory usage\n        3. CPU inf ... (59 characters truncated) ...       5. Network connections\n        \n        Save this report as 'system_analysis_report.txt' and also display a summary in the console.\n        ", 'agent_type': 'developer', 'status': 'pending', 'result': None, 'execution_time': None, 'tokens_used': None, 'error_message': None, 'created_at': datetime.datetime(2025, 7, 30, 10, 26, 44, 244233), 'updated_at': datetime.datetime(2025, 7, 30, 10, 26, 44, 244233), 'completed_at': None, 'is_archived': False}]
(Background on this error at: https://sqlalche.me/e/20/gkpj)
2025-07-30 05:26:46.546 | ERROR    | src.models.advanced_database:create_mission:149 - Error creating mission: (psycopg2.errors.NotNullViolation) null value in column "description" of relation "missions" violates not-null constraint
DETAIL:  Failing row contains (11, Test Mission - 05:26:44, null, pending, 2025-07-30 10:26:46.425588, 2025-07-30 10:26:46.425588, null, null, null, null, mission_7bcb90e0, developer, null, null, null, f, 
        Create a comprehensive project that demonstrates multip...).

[SQL: INSERT INTO missions (mission_id_str, title, prompt, agent_type, status, result, execution_time, tokens_used, error_message, created_at, updated_at, completed_at, is_archived) VALUES (%(mission_id_str)s, %(title)s, %(prompt)s, %(agent_type)s, %(status)s, %(result)s, %(execution_time)s, %(tokens_used)s, %(error_message)s, %(created_at)s, %(updated_at)s, %(completed_at)s, %(is_archived)s) RETURNING missions.id]
[parameters: {'mission_id_str': 'mission_7bcb90e0', 'title': 'Test Mission - 05:26:44', 'prompt': "\n        Create a comprehensive project that demonstrates multiple AI agents working together:\n        \n        1. First, create a simple web appl ... (326 characters truncated) ...  multiple agents: developer, tester, and documentation specialist.\n        Save everything in a folder called 'sentinel_multi_agent_demo'.\n        ", 'agent_type': 'developer', 'status': 'pending', 'result': None, 'execution_time': None, 'tokens_used': None, 'error_message': None, 'created_at': datetime.datetime(2025, 7, 30, 10, 26, 46, 425588), 'updated_at': datetime.datetime(2025, 7, 30, 10, 26, 46, 425588), 'completed_at': None, 'is_archived': False}]
(Background on this error at: https://sqlalche.me/e/20/gkpj)
2025-07-30 05:26:46.547 | ERROR    | src.main:create_advanced_mission:172 - Error creating mission: (psycopg2.errors.NotNullViolation) null value in column "description" of relation "missions" violates not-null constraint
DETAIL:  Failing row contains (11, Test Mission - 05:26:44, null, pending, 2025-07-30 10:26:46.425588, 2025-07-30 10:26:46.425588, null, null, null, null, mission_7bcb90e0, developer, null, null, null, f, 
        Create a comprehensive project that demonstrates multip...).

[SQL: INSERT INTO missions (mission_id_str, title, prompt, agent_type, status, result, execution_time, tokens_used, error_message, created_at, updated_at, completed_at, is_archived) VALUES (%(mission_id_str)s, %(title)s, %(prompt)s, %(agent_type)s, %(status)s, %(result)s, %(execution_time)s, %(tokens_used)s, %(error_message)s, %(created_at)s, %(updated_at)s, %(completed_at)s, %(is_archived)s) RETURNING missions.id]
[parameters: {'mission_id_str': 'mission_7bcb90e0', 'title': 'Test Mission - 05:26:44', 'prompt': "\n        Create a comprehensive project that demonstrates multiple AI agents working together:\n        \n        1. First, create a simple web appl ... (326 characters truncated) ...  multiple agents: developer, tester, and documentation specialist.\n        Save everything in a folder called 'sentinel_multi_agent_demo'.\n        ", 'agent_type': 'developer', 'status': 'pending', 'result': None, 'execution_time': None, 'tokens_used': None, 'error_message': None, 'created_at': datetime.datetime(2025, 7, 30, 10, 26, 46, 425588), 'updated_at': datetime.datetime(2025, 7, 30, 10, 26, 46, 425588), 'completed_at': None, 'is_archived': False}]
(Background on this error at: https://sqlalche.me/e/20/gkpj)
2025-07-30 05:27:48.729 | ERROR    | src.models.advanced_database:create_mission:149 - Error creating mission: (psycopg2.errors.NotNullViolation) null value in column "description" of relation "missions" violates not-null constraint
DETAIL:  Failing row contains (12, Test, null, pending, 2025-07-30 10:27:48.603546, 2025-07-30 10:27:48.603546, null, null, null, null, mission_69185075, developer, null, null, null, f, Create a test file).

[SQL: INSERT INTO missions (mission_id_str, title, prompt, agent_type, status, result, execution_time, tokens_used, error_message, created_at, updated_at, completed_at, is_archived) VALUES (%(mission_id_str)s, %(title)s, %(prompt)s, %(agent_type)s, %(status)s, %(result)s, %(execution_time)s, %(tokens_used)s, %(error_message)s, %(created_at)s, %(updated_at)s, %(completed_at)s, %(is_archived)s) RETURNING missions.id]
[parameters: {'mission_id_str': 'mission_69185075', 'title': 'Test', 'prompt': 'Create a test file', 'agent_type': 'developer', 'status': 'pending', 'result': None, 'execution_time': None, 'tokens_used': None, 'error_message': None, 'created_at': datetime.datetime(2025, 7, 30, 10, 27, 48, 603546), 'updated_at': datetime.datetime(2025, 7, 30, 10, 27, 48, 603546), 'completed_at': None, 'is_archived': False}]
(Background on this error at: https://sqlalche.me/e/20/gkpj)
2025-07-30 05:27:48.730 | ERROR    | src.main:create_advanced_mission:172 - Error creating mission: (psycopg2.errors.NotNullViolation) null value in column "description" of relation "missions" violates not-null constraint
DETAIL:  Failing row contains (12, Test, null, pending, 2025-07-30 10:27:48.603546, 2025-07-30 10:27:48.603546, null, null, null, null, mission_69185075, developer, null, null, null, f, Create a test file).

[SQL: INSERT INTO missions (mission_id_str, title, prompt, agent_type, status, result, execution_time, tokens_used, error_message, created_at, updated_at, completed_at, is_archived) VALUES (%(mission_id_str)s, %(title)s, %(prompt)s, %(agent_type)s, %(status)s, %(result)s, %(execution_time)s, %(tokens_used)s, %(error_message)s, %(created_at)s, %(updated_at)s, %(completed_at)s, %(is_archived)s) RETURNING missions.id]
[parameters: {'mission_id_str': 'mission_69185075', 'title': 'Test', 'prompt': 'Create a test file', 'agent_type': 'developer', 'status': 'pending', 'result': None, 'execution_time': None, 'tokens_used': None, 'error_message': None, 'created_at': datetime.datetime(2025, 7, 30, 10, 27, 48, 603546), 'updated_at': datetime.datetime(2025, 7, 30, 10, 27, 48, 603546), 'completed_at': None, 'is_archived': False}]
(Background on this error at: https://sqlalche.me/e/20/gkpj)
2025-07-30 05:28:39.305 | INFO     | src.main:shutdown_event:427 - 🛑 Cognitive Forge Desktop App shutting down...
2025-07-30 05:28:58.554 | INFO     | src.main:startup_event:413 - 🚀 Cognitive Forge Desktop App starting up...
2025-07-30 05:28:58.695 | INFO     | src.main:shutdown_event:427 - 🛑 Cognitive Forge Desktop App shutting down...
2025-07-30 05:29:15.190 | INFO     | src.main:startup_event:413 - 🚀 Cognitive Forge Desktop App starting up...
2025-07-30 05:29:29.323 | INFO     | src.main:shutdown_event:427 - 🛑 Cognitive Forge Desktop App shutting down...
