2025-07-28T02:17:59.405508 [INFO] Running pre-flight dependency and environment checks...
2025-07-28T02:17:59.406515 [INFO] Checking Python version...
2025-07-28T02:17:59.407515 [SUCCESS] Python version OK: 3.11.9
2025-07-28T02:17:59.407515 [INFO] Checking required packages...
2025-07-28T02:17:59.408512 [SUCCESS] Package 'requests' is installed.
2025-07-28T02:17:59.408512 [SUCCESS] Package 'psutil' is installed.
2025-07-28T02:17:59.552213 [SUCCESS] Package 'uvicorn' is installed.
2025-07-28T02:17:59.552213 [SUCCESS] Package 'colorama' is installed.
2025-07-28T02:17:59.553220 [INFO] Checking required executables...
2025-07-28T02:17:59.560762 [SUCCESS] Executable 'ngrok' found.
2025-07-28T02:17:59.574978 [SUCCESS] Executable 'uvicorn' found.
2025-07-28T02:17:59.575987 [INFO] Checking required environment variables...
2025-07-28T02:17:59.576995 [SUCCESS] Env var 'DESKTOP_TUNNEL_URL' found in .env.
2025-07-28T02:17:59.576995 [SUCCESS] Env var 'DATABASE_URL' found in .env.
2025-07-28T02:17:59.576995 [INFO] Ensuring ngrok is running...
2025-07-28T02:17:59.591711 [INFO] Stopping backend and engine if running...
2025-07-28T02:17:59.742732 [SUCCESS] Backend stopped.
2025-07-28T02:17:59.873115 [SUCCESS] Engine is already stopped.
2025-07-28T02:18:01.881904 [INFO] Checking for port conflicts...
2025-07-28T02:18:01.887073 [WARNING] Port 8080 is already in use. Possible conflict.
2025-07-28T02:18:04.056858 [INFO] Configuring backend with live engine URL...
2025-07-28T02:18:04.057860 [INFO] Fetching live ngrok URL for the engine...
2025-07-28T02:18:04.071613 [SUCCESS] Found live engine URL: https://0d76a841882a.ngrok-free.app
2025-07-28T02:18:04.073182 [SUCCESS] Backend '.env' file auto-configured with live engine URL.
2025-07-28T02:18:04.073182 [INFO] Starting backend and engine servers...
2025-07-28T02:18:07.356917 [ERROR] Backend failed to start. Check logs/backend.log.
2025-07-28T02:18:07.356917 [INFO] Last 20 lines of c:\Users\AMD\sentinel\logs\backend.log:
2025-07-28T02:18:09.415806 [SUCCESS] Backend /health: {"status":"ok","service":"Sentinel Orchestrator Backend"}
2025-07-28T02:18:12.700026 [ERROR] Engine failed to start. Check logs/engine.log.
2025-07-28T02:18:12.700026 [INFO] Last 20 lines of c:\Users\AMD\sentinel\logs\engine.log:
2025-07-28T02:18:16.802690 [ERROR] Engine /health check failed: HTTPConnectionPool(host='localhost', port=8001): Max retries exceeded with url: /health (Caused by NewConnectionError('<urllib3.connection.HTTPConnection object at 0x000002254A153210>: Failed to establish a new connection: [WinError 10061] No connection could be made because the target machine actively refused it'))
2025-07-28T02:18:16.804705 [INFO] Testing and optimizing system configuration...
2025-07-28T02:18:17.115734 [ERROR] Engine is not running.
2025-07-28T02:18:17.115734 [INFO] Auto-optimizing: Starting missing services...
2025-07-28T02:18:20.661468 [ERROR] Engine failed to start. Check logs/engine.log.
2025-07-28T02:18:20.661468 [SUCCESS] All services are now running.
2025-07-28T02:18:20.678849 [INFO] Auto-optimizing: Configuring backend with current engine URL...
2025-07-28T02:18:20.679856 [INFO] Fetching live ngrok URL for the engine...
2025-07-28T02:18:20.683069 [SUCCESS] Found live engine URL: https://0d76a841882a.ngrok-free.app
2025-07-28T02:18:20.684892 [SUCCESS] Backend '.env' file auto-configured with live engine URL.
2025-07-28T02:18:20.684892 [SUCCESS] Backend configuration updated.
2025-07-28T02:19:23.024640 [ERROR] Engine health check failed: HTTP 400
2025-07-28T02:19:23.041461 [SUCCESS] Backend API: https://thrush-real-lacewing.ngrok-free.app
2025-07-28T02:19:23.042801 [SUCCESS] Engine API:  https://0d76a841882a.ngrok-free.app
2025-07-28T02:19:23.043958 [INFO] Your mobile app is ready to connect remotely!
2025-07-28T02:20:34.762357 [INFO] Running pre-flight dependency and environment checks...
2025-07-28T02:20:34.763363 [INFO] Checking Python version...
2025-07-28T02:20:34.763363 [SUCCESS] Python version OK: 3.11.9
2025-07-28T02:20:34.765025 [INFO] Checking required packages...
2025-07-28T02:20:34.765408 [SUCCESS] Package 'requests' is installed.
2025-07-28T02:20:34.765408 [SUCCESS] Package 'psutil' is installed.
2025-07-28T02:20:34.914844 [SUCCESS] Package 'uvicorn' is installed.
2025-07-28T02:20:34.914844 [SUCCESS] Package 'colorama' is installed.
2025-07-28T02:20:34.914844 [INFO] Checking required executables...
2025-07-28T02:20:34.919586 [SUCCESS] Executable 'ngrok' found.
2025-07-28T02:20:34.938359 [SUCCESS] Executable 'uvicorn' found.
2025-07-28T02:20:34.938359 [INFO] Checking required environment variables...
2025-07-28T02:20:34.940390 [SUCCESS] Env var 'DESKTOP_TUNNEL_URL' found in .env.
2025-07-28T02:20:34.940390 [SUCCESS] Env var 'DATABASE_URL' found in .env.
2025-07-28T02:20:34.941909 [INFO] Ensuring ngrok is running...
2025-07-28T02:20:34.962051 [INFO] Stopping backend and engine if running...
2025-07-28T02:20:35.107404 [SUCCESS] Backend stopped.
2025-07-28T02:20:35.251057 [SUCCESS] Engine is already stopped.
2025-07-28T02:20:37.251744 [INFO] Checking for port conflicts and killing if needed...
2025-07-28T02:20:37.387489 [INFO] No process found using port 8080.
2025-07-28T02:20:37.534092 [INFO] No process found using port 8001.
2025-07-28T02:20:37.534092 [INFO] Configuring backend with live engine URL...
2025-07-28T02:20:37.534092 [INFO] Fetching live ngrok URL for the engine...
2025-07-28T02:20:37.537596 [SUCCESS] Found live engine URL: https://0d76a841882a.ngrok-free.app
2025-07-28T02:20:37.538100 [SUCCESS] Backend '.env' file auto-configured with live engine URL.
2025-07-28T02:20:37.538100 [INFO] Starting backend and engine servers...
2025-07-28T02:20:40.864432 [ERROR] Backend failed to start. Check logs/backend.log.
2025-07-28T02:20:40.865424 [INFO] Last 20 lines of c:\Users\AMD\sentinel\logs\backend.log:
2025-07-28T02:20:42.927285 [SUCCESS] Backend /health: {"status":"ok","service":"Sentinel Orchestrator Backend"}
2025-07-28T02:20:46.251931 [ERROR] Engine failed to start. Check logs/engine.log.
2025-07-28T02:20:46.251931 [INFO] Last 20 lines of c:\Users\AMD\sentinel\logs\engine.log:
2025-07-28T02:20:41.908039 [ERROR] Engine /health check failed: HTTPConnectionPool(host='localhost', port=8001): Max retries exceeded with url: /health (Caused by NewConnectionError('<urllib3.connection.HTTPConnection object at 0x000001BA515682D0>: Failed to establish a new connection: [WinError 10061] No connection could be made because the target machine actively refused it'))
2025-07-28T02:20:41.909167 [INFO] Testing and optimizing system configuration...
2025-07-28T02:20:42.141864 [ERROR] Engine is not running.
2025-07-28T02:20:42.141864 [INFO] Auto-optimizing: Starting missing services...
2025-07-28T02:20:45.655904 [ERROR] Engine failed to start. Check logs/engine.log.
2025-07-28T02:20:45.657057 [SUCCESS] All services are now running.
2025-07-28T02:20:45.671667 [INFO] Auto-optimizing: Configuring backend with current engine URL...
2025-07-28T02:20:45.671667 [INFO] Fetching live ngrok URL for the engine...
2025-07-28T02:20:45.675542 [SUCCESS] Found live engine URL: https://0d76a841882a.ngrok-free.app
2025-07-28T02:20:45.676949 [SUCCESS] Backend '.env' file auto-configured with live engine URL.
2025-07-28T02:20:45.676949 [SUCCESS] Backend configuration updated.
2025-07-28T02:21:47.107505 [ERROR] Engine health check failed: HTTP 400
2025-07-28T02:21:47.125557 [SUCCESS] Backend API: https://thrush-real-lacewing.ngrok-free.app
2025-07-28T02:21:47.127115 [SUCCESS] Engine API:  https://0d76a841882a.ngrok-free.app
2025-07-28T02:21:47.127115 [INFO] Your mobile app is ready to connect remotely!
2025-07-28T02:36:04.133985 [INFO] Running pre-flight dependency and environment checks...
2025-07-28T02:36:04.133985 [INFO] Checking Python version...
2025-07-28T02:36:04.133985 [SUCCESS] Python version OK: 3.11.9
2025-07-28T02:36:04.133985 [INFO] Checking required packages...
2025-07-28T02:36:04.133985 [SUCCESS] Package 'requests' is installed.
2025-07-28T02:36:04.133985 [SUCCESS] Package 'psutil' is installed.
2025-07-28T02:36:04.133985 [SUCCESS] Package 'uvicorn' is installed.
2025-07-28T02:36:04.139108 [SUCCESS] Package 'colorama' is installed.
2025-07-28T02:36:04.139108 [INFO] Checking required executables...
2025-07-28T02:36:04.155098 [SUCCESS] Executable 'ngrok' found.
2025-07-28T02:36:04.168697 [SUCCESS] Executable 'uvicorn' found.
2025-07-28T02:36:04.169695 [INFO] Checking required environment variables...
2025-07-28T02:36:04.171269 [SUCCESS] Env var 'DESKTOP_TUNNEL_URL' found in .env.
2025-07-28T02:36:04.172277 [SUCCESS] Env var 'DATABASE_URL' found in .env.
2025-07-28T02:36:04.172277 [INFO] Ensuring ngrok is running...
2025-07-28T02:36:04.187602 [INFO] Stopping backend and engine if running...
2025-07-28T02:36:04.340294 [SUCCESS] Backend stopped.
2025-07-28T02:36:04.468452 [SUCCESS] Engine stopped.
2025-07-28T02:36:06.469151 [INFO] Checking for port conflicts and killing if needed...
2025-07-28T02:36:06.654997 [INFO] No process found using port 8080.
2025-07-28T02:36:06.744950 [WARNING] Port 8001 is in use by PID 7548 (python.exe). Killing process...
2025-07-28T02:36:06.744950 [WARNING] Killing process 7548 (python.exe) on port 8001.
2025-07-28T02:36:06.746456 [SUCCESS] Killed process 7548 on port 8001.
2025-07-28T02:36:06.749461 [WARNING] Port 8001 is in use by PID 7772 (python.exe). Killing process...
2025-07-28T02:36:06.751011 [WARNING] Killing process 7772 (python.exe) on port 8001.
2025-07-28T02:36:06.751774 [SUCCESS] Killed process 7772 on port 8001.
2025-07-28T02:36:06.775856 [WARNING] Port 8001 is in use by PID 9984 (python.exe). Killing process...
2025-07-28T02:36:06.775856 [WARNING] Killing process 9984 (python.exe) on port 8001.
2025-07-28T02:36:06.775856 [SUCCESS] Killed process 9984 on port 8001.
2025-07-28T02:36:06.781435 [WARNING] Port 8001 is in use by PID 10296 (python.exe). Killing process...
2025-07-28T02:36:06.782443 [WARNING] Killing process 10296 (python.exe) on port 8001.
2025-07-28T02:36:06.783446 [SUCCESS] Killed process 10296 on port 8001.
2025-07-28T02:36:06.814388 [WARNING] Port 8001 is in use by PID 12624 (python.exe). Killing process...
2025-07-28T02:36:06.814388 [WARNING] Killing process 12624 (python.exe) on port 8001.
2025-07-28T02:36:06.816166 [SUCCESS] Killed process 12624 on port 8001.
2025-07-28T02:36:06.827196 [WARNING] Port 8001 is in use by PID 14476 (python.exe). Killing process...
2025-07-28T02:36:06.827196 [WARNING] Killing process 14476 (python.exe) on port 8001.
2025-07-28T02:36:06.828444 [SUCCESS] Killed process 14476 on port 8001.
2025-07-28T02:36:06.844267 [WARNING] Port 8001 is in use by PID 16840 (python.exe). Killing process...
2025-07-28T02:36:06.845271 [WARNING] Killing process 16840 (python.exe) on port 8001.
2025-07-28T02:36:06.845271 [SUCCESS] Killed process 16840 on port 8001.
2025-07-28T02:36:06.877215 [WARNING] Port 8001 is in use by PID 19468 (python.exe). Killing process...
2025-07-28T02:36:06.877215 [WARNING] Killing process 19468 (python.exe) on port 8001.
2025-07-28T02:36:06.877215 [SUCCESS] Killed process 19468 on port 8001.
2025-07-28T02:36:06.908615 [WARNING] Port 8001 is in use by PID 20212 (python.exe). Killing process...
2025-07-28T02:36:06.908615 [WARNING] Killing process 20212 (python.exe) on port 8001.
2025-07-28T02:36:06.910135 [SUCCESS] Killed process 20212 on port 8001.
2025-07-28T02:36:06.911755 [WARNING] Port 8001 is in use by PID 20240 (python.exe). Killing process...
2025-07-28T02:36:06.912164 [WARNING] Killing process 20240 (python.exe) on port 8001.
2025-07-28T02:36:06.912164 [SUCCESS] Killed process 20240 on port 8001.
2025-07-28T02:36:06.921490 [INFO] Configuring backend with live engine URL...
2025-07-28T02:36:06.922490 [INFO] Fetching live ngrok URL for the engine...
2025-07-28T02:36:06.940658 [SUCCESS] Found live engine URL: https://0d76a841882a.ngrok-free.app
2025-07-28T02:36:06.940658 [SUCCESS] Backend '.env' file auto-configured with live engine URL.
2025-07-28T02:36:06.940658 [INFO] Starting backend and engine servers...
2025-07-28T02:36:10.299522 [ERROR] Backend failed to start. Check logs/backend.log.
2025-07-28T02:36:10.300530 [INFO] Last 20 lines of c:\Users\AMD\sentinel\logs\backend.log:
2025-07-28T02:36:12.337527 [SUCCESS] Backend /health: {"status":"ok","service":"Sentinel Orchestrator Backend"}
2025-07-28T02:36:15.704829 [SUCCESS] Engine started in background. See logs/engine.log.
2025-07-28T02:36:15.704829 [INFO] Last 20 lines of c:\Users\AMD\sentinel\logs\engine.log:
2025-07-28T02:36:17.751779 [SUCCESS] Engine /health: {"status":"ok","service":"Sentinel Engine"}
2025-07-28T02:36:17.751779 [INFO] Testing and optimizing system configuration...
2025-07-28T02:36:18.025462 [INFO] Auto-optimizing: Configuring backend with current engine URL...
2025-07-28T02:36:18.025462 [INFO] Fetching live ngrok URL for the engine...
2025-07-28T02:36:18.028270 [SUCCESS] Found live engine URL: https://0d76a841882a.ngrok-free.app
2025-07-28T02:36:18.028950 [SUCCESS] Backend '.env' file auto-configured with live engine URL.
2025-07-28T02:36:18.028950 [SUCCESS] Backend configuration updated.
2025-07-28T02:37:19.482726 [ERROR] System configuration test failed: 'charmap' codec can't encode character '\U0001f389' in position 37: character maps to <undefined>
2025-07-28T02:37:19.483607 [INFO] Troubleshooting: Check ngrok tunnels, backend/engine logs, and .env config.
2025-07-28T02:37:19.559370 [INFO] Diagnostic report generated: c:\Users\AMD\sentinel\logs\diagnostic_report.txt
2025-07-28T02:37:19.565309 [SUCCESS] Backend API: https://thrush-real-lacewing.ngrok-free.app
2025-07-28T02:37:19.565309 [SUCCESS] Engine API:  https://0d76a841882a.ngrok-free.app
2025-07-28T02:37:19.566342 [INFO] Your mobile app is ready to connect remotely!
2025-07-28T03:28:23.553240 [INFO] Running pre-flight dependency and environment checks...
2025-07-28T03:28:23.553240 [INFO] Checking Python version...
2025-07-28T03:28:23.554309 [SUCCESS] Python version OK: 3.11.9
2025-07-28T03:28:23.554309 [INFO] Checking required packages...
2025-07-28T03:28:23.555312 [SUCCESS] Package 'requests' is installed.
2025-07-28T03:28:23.555714 [SUCCESS] Package 'psutil' is installed.
2025-07-28T03:28:23.687707 [SUCCESS] Package 'uvicorn' is installed.
2025-07-28T03:28:23.687707 [SUCCESS] Package 'colorama' is installed.
2025-07-28T03:28:23.687707 [INFO] Checking required executables...
2025-07-28T03:28:23.704527 [SUCCESS] Executable 'ngrok' found.
2025-07-28T03:28:23.715923 [SUCCESS] Executable 'uvicorn' found.
2025-07-28T03:28:23.715923 [INFO] Checking required environment variables...
2025-07-28T03:28:23.715923 [SUCCESS] Env var 'DESKTOP_TUNNEL_URL' found in .env.
2025-07-28T03:28:23.715923 [SUCCESS] Env var 'DATABASE_URL' found in .env.
2025-07-28T03:28:23.715923 [INFO] Ensuring ngrok is running...
2025-07-28T03:28:23.731851 [INFO] Stopping backend and engine if running...
2025-07-28T03:28:23.860792 [SUCCESS] Backend stopped.
2025-07-28T03:28:24.054650 [SUCCESS] Engine stopped.
2025-07-28T03:28:26.055312 [INFO] Checking for port conflicts and killing if needed...
2025-07-28T03:28:26.220108 [INFO] No process found using port 8080.
2025-07-28T03:28:26.382120 [INFO] No process found using port 8001.
2025-07-28T03:28:26.382120 [INFO] Configuring backend with live engine URL...
2025-07-28T03:28:26.382120 [INFO] Fetching live ngrok URL for the engine...
2025-07-28T03:28:26.399814 [SUCCESS] Found live engine URL: https://0d76a841882a.ngrok-free.app
2025-07-28T03:28:26.400821 [SUCCESS] Backend '.env' file auto-configured with live engine URL.
2025-07-28T03:28:26.401820 [INFO] Starting backend and engine servers...
2025-07-28T03:28:29.712311 [ERROR] Backend failed to start. Check logs/backend.log.
2025-07-28T03:28:29.712311 [INFO] Last 20 lines of c:\Users\AMD\sentinel\logs\backend.log:
2025-07-28T03:28:31.769933 [SUCCESS] Backend /health: {"status":"ok","service":"Sentinel Orchestrator Backend"}
2025-07-28T03:28:34.948758 [SUCCESS] Engine started in background. See logs/engine.log.
2025-07-28T03:28:34.958818 [INFO] Last 20 lines of c:\Users\AMD\sentinel\logs\engine.log:
2025-07-28T03:28:36.996229 [SUCCESS] Engine /health: {"status":"ok","service":"Sentinel Engine"}
2025-07-28T03:28:36.996229 [INFO] Testing and optimizing system configuration...
2025-07-28T03:28:37.167808 [INFO] Auto-optimizing: Configuring backend with current engine URL...
2025-07-28T03:28:37.168605 [INFO] Fetching live ngrok URL for the engine...
2025-07-28T03:28:37.170892 [SUCCESS] Found live engine URL: https://0d76a841882a.ngrok-free.app
2025-07-28T03:28:37.171563 [SUCCESS] Backend '.env' file auto-configured with live engine URL.
2025-07-28T03:28:37.171563 [SUCCESS] Backend configuration updated.
2025-07-28T03:29:39.846206 [ERROR] System configuration test failed: 'charmap' codec can't encode character '\U0001f389' in position 37: character maps to <undefined>
2025-07-28T03:29:39.846206 [INFO] Troubleshooting: Check ngrok tunnels, backend/engine logs, and .env config.
2025-07-28T03:29:39.905919 [INFO] Diagnostic report generated: c:\Users\AMD\sentinel\logs\diagnostic_report.txt
2025-07-28T03:29:39.923436 [SUCCESS] Backend API: https://thrush-real-lacewing.ngrok-free.app
2025-07-28T03:29:39.924454 [SUCCESS] Engine API:  https://0d76a841882a.ngrok-free.app
2025-07-28T03:29:39.925130 [INFO] Your mobile app is ready to connect remotely!
2025-07-28T03:30:29.262477 [INFO] Auto-optimizing: Configuring backend with current engine URL...
2025-07-28T03:30:29.262477 [INFO] Fetching live ngrok URL for the engine...
2025-07-28T03:30:29.278874 [SUCCESS] Found live engine URL: https://0d76a841882a.ngrok-free.app
2025-07-28T03:30:29.279880 [SUCCESS] Backend '.env' file auto-configured with live engine URL.
2025-07-28T03:30:29.279880 [SUCCESS] Backend configuration updated.
2025-07-28T05:48:17.071400 [INFO] Running pre-flight dependency and environment checks...
2025-07-28T05:48:17.072399 [INFO] Checking Python version...
2025-07-28T05:48:17.072399 [SUCCESS] Python version OK: 3.11.9
2025-07-28T05:48:17.072399 [INFO] Checking required packages...
2025-07-28T05:48:17.072399 [SUCCESS] Package 'requests' is installed.
2025-07-28T05:48:17.073907 [SUCCESS] Package 'psutil' is installed.
2025-07-28T05:48:17.213298 [SUCCESS] Package 'uvicorn' is installed.
2025-07-28T05:48:17.213298 [SUCCESS] Package 'colorama' is installed.
2025-07-28T05:48:17.213298 [INFO] Checking required executables...
2025-07-28T05:48:17.225984 [SUCCESS] Executable 'ngrok' found.
2025-07-28T05:48:17.238729 [SUCCESS] Executable 'uvicorn' found.
2025-07-28T05:48:17.239734 [INFO] Checking required environment variables...
2025-07-28T05:48:17.240525 [SUCCESS] Env var 'DESKTOP_TUNNEL_URL' found in .env.
2025-07-28T05:48:17.240525 [SUCCESS] Env var 'DATABASE_URL' found in .env.
2025-07-28T05:48:17.241612 [INFO] Ensuring ngrok is running...
2025-07-28T05:48:17.244257 [INFO] Stopping backend and engine if running...
2025-07-28T05:48:17.402302 [SUCCESS] Backend stopped.
2025-07-28T05:48:17.462179 [SUCCESS] Engine stopped.
2025-07-28T05:48:19.463213 [INFO] Checking for port conflicts and killing if needed...
2025-07-28T05:48:19.632471 [INFO] No process found using port 8080.
2025-07-28T05:48:19.799685 [INFO] No process found using port 8001.
2025-07-28T05:48:19.800688 [INFO] Configuring backend with live engine URL...
2025-07-28T05:48:19.800688 [INFO] Fetching live ngrok URL for the engine...
2025-07-28T05:48:19.815628 [SUCCESS] Found live engine URL: https://0d76a841882a.ngrok-free.app
2025-07-28T05:48:19.817135 [SUCCESS] Backend '.env' file auto-configured with live engine URL.
2025-07-28T05:48:19.818174 [INFO] Starting backend and engine servers...
2025-07-28T05:48:23.170578 [ERROR] Backend failed to start. Check logs/backend.log.
2025-07-28T05:48:23.170578 [INFO] Last 20 lines of c:\Users\AMD\sentinel\logs\backend.log:
2025-07-28T05:48:25.198612 [SUCCESS] Backend /health: {"status":"ok","service":"Sentinel Orchestrator Backend"}
2025-07-28T05:48:28.570606 [SUCCESS] Engine started in background. See logs/engine.log.
2025-07-28T05:48:28.570606 [INFO] Last 20 lines of c:\Users\AMD\sentinel\logs\engine.log:
2025-07-28T05:48:30.623203 [SUCCESS] Engine /health: {"status":"ok","service":"Sentinel Engine"}
2025-07-28T05:48:30.624275 [INFO] Testing and optimizing system configuration...
2025-07-28T05:48:30.967597 [INFO] Auto-optimizing: Configuring backend with current engine URL...
2025-07-28T05:48:30.967597 [INFO] Fetching live ngrok URL for the engine...
2025-07-28T05:48:30.984343 [SUCCESS] Found live engine URL: https://0d76a841882a.ngrok-free.app
2025-07-28T05:48:30.985351 [SUCCESS] Backend '.env' file auto-configured with live engine URL.
2025-07-28T05:48:30.985351 [SUCCESS] Backend configuration updated.
2025-07-28T05:49:32.390630 [SUCCESS] System Configuration Test PASSED!
2025-07-28T05:49:32.390630 [INFO] All services are online and accessible:
2025-07-28T05:49:32.390630 [INFO] Your mobile app should be able to connect successfully.
2025-07-28T05:49:32.390630 [SUCCESS] Configuration is already optimized! ✅
2025-07-28T05:49:32.396387 [SUCCESS] Backend API: https://thrush-real-lacewing.ngrok-free.app
2025-07-28T05:49:32.396931 [SUCCESS] Engine API:  https://0d76a841882a.ngrok-free.app
2025-07-28T05:49:32.397418 [INFO] Your mobile app is ready to connect remotely!
2025-07-28T05:49:44.081989 [INFO] Auto-optimizing: Configuring backend with current engine URL...
2025-07-28T05:49:44.081989 [INFO] Fetching live ngrok URL for the engine...
2025-07-28T05:49:44.086041 [SUCCESS] Found live engine URL: https://0d76a841882a.ngrok-free.app
2025-07-28T05:49:44.086041 [SUCCESS] Backend '.env' file auto-configured with live engine URL.
2025-07-28T05:49:44.086041 [SUCCESS] Backend configuration updated.
2025-07-28T05:50:45.383900 [SUCCESS] System Configuration Test PASSED!
2025-07-28T05:50:45.385000 [INFO] All services are online and accessible:
2025-07-28T05:50:45.385716 [INFO] Your mobile app should be able to connect successfully.
2025-07-28T05:50:45.385716 [SUCCESS] Configuration is already optimized! ✅
